Output: result/evo-dimsplit-2026-07-18/shard-local
Dims: [5000]
dim_groups: [1, 2, 4, 8]
Strategies: ['rand1bin', 'best1bin']
Variants: ['SMCO_EVO', 'SMCO_R_EVO', 'SMCO_BR_EVO']
Workers: 28, Seed: 21
[5000D] 48 tasks, 28 workers
[5000D] Rosenbrock/5000D rep0 SMCO_BR_EVO g1/rand1bin fopt=-78018.1 10458s (1/48)
[5000D] Rosenbrock/5000D rep0 SMCO_BR_EVO g8/best1bin fopt=-77846.5 10591s (2/48)
[5000D] Rosenbrock/5000D rep0 SMCO_BR_EVO g4/best1bin fopt=-78324.3 10603s (3/48)
[5000D] Rosenbrock/5000D rep0 SMCO_BR_EVO g8/rand1bin fopt=-77944.7 11720s (4/48)
[5000D] Rosenbrock/5000D rep0 SMCO_R_EVO g8/best1bin fopt=-1150.23 14084s (5/48)
[5000D] Rosenbrock/5000D rep0 SMCO_EVO g4/best1bin fopt=-1060.41 15513s (6/48)
[5000D] Rosenbrock/5000D rep0 SMCO_R_EVO g4/rand1bin fopt=-1467.46 16331s (7/48)
[5000D] Rosenbrock/5000D rep1 SMCO_EVO g1/rand1bin fopt=-1093.79 17155s (8/48)
[5000D] Rosenbrock/5000D rep0 SMCO_EVO g8/best1bin fopt=-1142.62 17191s (9/48)
[5000D] Rosenbrock/5000D rep1 SMCO_EVO g2/rand1bin fopt=-1150.75 17459s (10/48)
[5000D] Rosenbrock/5000D rep0 SMCO_BR_EVO g2/best1bin fopt=-77819 17572s (11/48)
[5000D] Rosenbrock/5000D rep0 SMCO_EVO g2/best1bin fopt=-1063.65 17661s (12/48)
[5000D] Rosenbrock/5000D rep0 SMCO_R_EVO g8/rand1bin fopt=-1363.84 17732s (13/48)
[5000D] Rosenbrock/5000D rep0 SMCO_R_EVO g1/rand1bin fopt=-1390.52 17978s (14/48)
[5000D] Rosenbrock/5000D rep0 SMCO_EVO g2/rand1bin fopt=-1115.98 18032s (15/48)
[5000D] Rosenbrock/5000D rep1 SMCO_BR_EVO g1/rand1bin fopt=-76807.9 18033s (16/48)
[5000D] Rosenbrock/5000D rep0 SMCO_EVO g8/rand1bin fopt=-1094.94 18227s (17/48)
[5000D] Rosenbrock/5000D rep0 SMCO_R_EVO g4/best1bin fopt=-926.441 18247s (18/48)
[5000D] Rosenbrock/5000D rep0 SMCO_EVO g1/rand1bin fopt=-1063.98 18452s (19/48)
[5000D] Rosenbrock/5000D rep0 SMCO_EVO g1/best1bin fopt=-1070.29 18479s (20/48)
[5000D] Rosenbrock/5000D rep0 SMCO_EVO g4/rand1bin fopt=-1134.27 18603s (21/48)
[5000D] Rosenbrock/5000D rep0 SMCO_R_EVO g2/rand1bin fopt=-1072.85 18945s (22/48)
[5000D] Rosenbrock/5000D rep1 SMCO_R_EVO g1/rand1bin fopt=-1334.12 19131s (23/48)
[5000D] Rosenbrock/5000D rep0 SMCO_BR_EVO g4/rand1bin fopt=-78196 19143s (24/48)
[5000D] Rosenbrock/5000D rep0 SMCO_R_EVO g1/best1bin fopt=-1358.1 19178s (25/48)
[5000D] Rosenbrock/5000D rep0 SMCO_BR_EVO g2/rand1bin fopt=-78284.4 19197s (26/48)
[5000D] Rosenbrock/5000D rep0 SMCO_BR_EVO g1/best1bin fopt=-77929 19362s (27/48)
[5000D] Rosenbrock/5000D rep1 SMCO_EVO g4/rand1bin fopt=-1061.63 8775s (28/48)
[5000D] Rosenbrock/5000D rep0 SMCO_R_EVO g2/best1bin fopt=-1239.77 19501s (29/48)
[5000D] Rosenbrock/5000D rep1 SMCO_R_EVO g2/rand1bin fopt=-1344.44 9086s (30/48)
[5000D] Rosenbrock/5000D rep1 SMCO_BR_EVO g2/rand1bin fopt=-76772.6 9023s (31/48)
[5000D] Rosenbrock/5000D rep1 SMCO_R_EVO g4/rand1bin fopt=-1263.06 9283s (32/48)
[5000D] Rosenbrock/5000D rep1 SMCO_EVO g8/rand1bin fopt=-1094.5 8776s (33/48)
[5000D] Rosenbrock/5000D rep1 SMCO_BR_EVO g4/rand1bin fopt=-76409 10638s (34/48)
[5000D] Rosenbrock/5000D rep1 SMCO_EVO g1/best1bin fopt=-1054.25 8836s (35/48)
[5000D] Rosenbrock/5000D rep1 SMCO_EVO g2/best1bin fopt=-1074.51 8645s (36/48)
[5000D] Rosenbrock/5000D rep1 SMCO_BR_EVO g8/rand1bin fopt=-76860.4 9243s (37/48)
[5000D] Rosenbrock/5000D rep1 SMCO_EVO g4/best1bin fopt=-1071.68 8666s (38/48)
[5000D] Rosenbrock/5000D rep1 SMCO_R_EVO g8/rand1bin fopt=-1148.06 10367s (39/48)
[5000D] Rosenbrock/5000D rep1 SMCO_R_EVO g2/best1bin fopt=-1312.49 9004s (40/48)
[5000D] Rosenbrock/5000D rep1 SMCO_BR_EVO g1/best1bin fopt=-76007.4 9176s (41/48)
[5000D] Rosenbrock/5000D rep1 SMCO_BR_EVO g2/best1bin fopt=-76435.8 8788s (42/48)
[5000D] Rosenbrock/5000D rep1 SMCO_R_EVO g1/best1bin fopt=-1231.24 9378s (43/48)
[5000D] Rosenbrock/5000D rep1 SMCO_R_EVO g4/best1bin fopt=-1365.72 8815s (44/48)
[5000D] Rosenbrock/5000D rep1 SMCO_BR_EVO g4/best1bin fopt=-76279.7 8746s (45/48)
[5000D] Rosenbrock/5000D rep1 SMCO_EVO g8/best1bin fopt=-1067.63 8759s (46/48)
[5000D] Rosenbrock/5000D rep1 SMCO_R_EVO g8/best1bin fopt=-1355.57 8576s (47/48)
[5000D] Rosenbrock/5000D rep1 SMCO_BR_EVO g8/best1bin fopt=-76576.4 8628s (48/48)
[5000D] DONE 48 tasks in 27108s
[5000D] DONE (flushed per-task)
