Output: result/evo-dimsplit-2026-07-18/shard-215
Dims: [5000]
dim_groups: [1, 2, 4, 8]
Strategies: ['rand1bin', 'best1bin']
Variants: ['SMCO_EVO', 'SMCO_R_EVO', 'SMCO_BR_EVO']
Workers: 20, Seed: 21
[5000D] 48 tasks, 20 workers
[5000D] Ackley/5000D rep0 SMCO_EVO g4/rand1bin fopt=-3.60257 46497s (1/48)
[5000D] Ackley/5000D rep0 SMCO_BR_EVO g2/best1bin fopt=-11.7245 46600s (2/48)
[5000D] Ackley/5000D rep0 SMCO_R_EVO g1/rand1bin fopt=-3.27898 46620s (3/48)
[5000D] Ackley/5000D rep0 SMCO_EVO g1/best1bin fopt=-3.47743 46625s (4/48)
[5000D] Ackley/5000D rep0 SMCO_EVO g2/rand1bin fopt=-3.6032 46681s (5/48)
[5000D] Ackley/5000D rep0 SMCO_EVO g1/rand1bin fopt=-3.60371 46738s (6/48)
[5000D] Ackley/5000D rep0 SMCO_R_EVO g1/best1bin fopt=-3.27464 46747s (7/48)
[5000D] Ackley/5000D rep0 SMCO_EVO g2/best1bin fopt=-3.60193 47671s (8/48)
[5000D] Ackley/5000D rep0 SMCO_BR_EVO g8/rand1bin fopt=-11.709 48228s (9/48)
[5000D] Ackley/5000D rep0 SMCO_EVO g4/best1bin fopt=-3.60097 48475s (10/48)
[5000D] Ackley/5000D rep0 SMCO_R_EVO g8/rand1bin fopt=-3.29721 48520s (11/48)
[5000D] Ackley/5000D rep0 SMCO_R_EVO g2/rand1bin fopt=-3.28889 49419s (12/48)
[5000D] Ackley/5000D rep0 SMCO_BR_EVO g4/rand1bin fopt=-11.7031 49451s (13/48)
[5000D] Ackley/5000D rep0 SMCO_BR_EVO g1/best1bin fopt=-11.7042 49546s (14/48)
[5000D] Ackley/5000D rep0 SMCO_EVO g8/rand1bin fopt=-3.60309 49566s (15/48)
[5000D] Ackley/5000D rep0 SMCO_BR_EVO g2/rand1bin fopt=-11.6919 49604s (16/48)
[5000D] Ackley/5000D rep0 SMCO_BR_EVO g1/rand1bin fopt=-11.7287 49708s (17/48)
[5000D] Ackley/5000D rep0 SMCO_R_EVO g4/rand1bin fopt=-3.29097 50149s (18/48)
[5000D] Ackley/5000D rep0 SMCO_R_EVO g4/best1bin fopt=-3.29466 50198s (19/48)
[5000D] Ackley/5000D rep0 SMCO_R_EVO g2/best1bin fopt=-3.28584 50744s (20/48)
[5000D] Ackley/5000D rep0 SMCO_BR_EVO g4/best1bin fopt=-11.7122 31486s (21/48)
[5000D] Ackley/5000D rep1 SMCO_R_EVO g1/rand1bin fopt=-3.28257 31367s (22/48)
[5000D] Ackley/5000D rep1 SMCO_BR_EVO g1/rand1bin fopt=-11.6692 32069s (23/48)
[5000D] Ackley/5000D rep0 SMCO_EVO g8/best1bin fopt=-3.6031 33140s (24/48)
[5000D] Ackley/5000D rep0 SMCO_BR_EVO g8/best1bin fopt=-11.7229 33306s (25/48)
[5000D] Ackley/5000D rep0 SMCO_R_EVO g8/best1bin fopt=-3.30268 33487s (26/48)
[5000D] Ackley/5000D rep1 SMCO_EVO g1/rand1bin fopt=-3.59981 34611s (27/48)
[5000D] Ackley/5000D rep1 SMCO_EVO g4/rand1bin fopt=-3.59839 32862s (28/48)
[5000D] Ackley/5000D rep1 SMCO_R_EVO g1/best1bin fopt=-3.28288 31558s (29/48)
[5000D] Ackley/5000D rep1 SMCO_BR_EVO g2/rand1bin fopt=-11.6663 33796s (30/48)
[5000D] Ackley/5000D rep1 SMCO_EVO g1/best1bin fopt=-3.59795 32666s (31/48)
[5000D] Ackley/5000D rep1 SMCO_R_EVO g2/rand1bin fopt=-3.28669 34175s (32/48)
[5000D] Ackley/5000D rep1 SMCO_EVO g2/rand1bin fopt=-3.59877 34960s (33/48)
[5000D] Ackley/5000D rep1 SMCO_BR_EVO g4/rand1bin fopt=-11.6655 33226s (34/48)
[5000D] Ackley/5000D rep1 SMCO_BR_EVO g8/rand1bin fopt=-11.6518 33142s (35/48)
[5000D] Ackley/5000D rep1 SMCO_R_EVO g4/rand1bin fopt=-3.28588 33454s (36/48)
[5000D] Ackley/5000D rep1 SMCO_R_EVO g8/rand1bin fopt=-3.29749 33644s (37/48)
[5000D] Ackley/5000D rep1 SMCO_BR_EVO g1/best1bin fopt=-11.6783 33033s (38/48)
[5000D] Ackley/5000D rep1 SMCO_EVO g8/rand1bin fopt=-3.59851 34258s (39/48)
[5000D] Ackley/5000D rep1 SMCO_EVO g2/best1bin fopt=-3.59926 33943s (40/48)
[5000D] Ackley/5000D rep1 SMCO_R_EVO g2/best1bin fopt=-3.27399 28508s (41/48)
[5000D] Ackley/5000D rep1 SMCO_BR_EVO g2/best1bin fopt=-11.6911 28580s (42/48)
[5000D] Ackley/5000D rep1 SMCO_EVO g4/best1bin fopt=-3.59753 29005s (43/48)
[5000D] Ackley/5000D rep1 SMCO_BR_EVO g4/best1bin fopt=-11.6736 28337s (44/48)
[5000D] Ackley/5000D rep1 SMCO_R_EVO g4/best1bin fopt=-3.28217 28694s (45/48)
[5000D] Ackley/5000D rep1 SMCO_EVO g8/best1bin fopt=-3.59851 28983s (46/48)
[5000D] Ackley/5000D rep1 SMCO_R_EVO g8/best1bin fopt=-3.29468 28221s (47/48)
[5000D] Ackley/5000D rep1 SMCO_BR_EVO g8/best1bin fopt=-11.6874 28366s (48/48)
[5000D] DONE 48 tasks in 109748s
[5000D] DONE (flushed per-task)
