outdir: /data/math/code/SMCO/result/r-highdim-2026-06-15 
dims: 3000 5000  funcs: Rastrigin Ackley Rosenbrock 
workers: 12  resumable done keys: 0 
tasks to run: 12 
[3000D Rastrigin rep0] SMCO ...
[3000D Rastrigin rep1] SMCO ...
[3000D Ackley rep0] SMCO ...
[3000D Ackley rep1] SMCO ...
[3000D Rosenbrock rep0] SMCO ...
[3000D Rosenbrock rep1] SMCO ...
[5000D Rastrigin rep0] SMCO ...
[5000D Rastrigin rep1] SMCO ...
[5000D Ackley rep0] SMCO ...
[5000D Ackley rep1] SMCO ...
[5000D Rosenbrock rep0] SMCO ...
[5000D Rosenbrock rep1] SMCO ...
[3000D Rosenbrock rep0] SMCO fopt=1246668998.4649 t=4888.1s
[3000D Rosenbrock rep0] SMCO_R ...
[3000D Rosenbrock rep1] SMCO fopt=1242863766.8226 t=4894.6s
[3000D Rosenbrock rep1] SMCO_R ...
[3000D Rastrigin rep1] SMCO fopt=85749.3908 t=6053.6s
[3000D Rastrigin rep1] SMCO_R ...
[3000D Rastrigin rep0] SMCO fopt=85824.3033 t=6061.0s
[3000D Rastrigin rep0] SMCO_R ...
[3000D Ackley rep1] SMCO fopt=21.5282 t=7020.6s
[3000D Ackley rep1] SMCO_R ...
[3000D Ackley rep0] SMCO fopt=21.5386 t=7025.0s
[3000D Ackley rep0] SMCO_R ...
[3000D Rosenbrock rep0] SMCO_R fopt=1098352260.2996 t=4935.8s
[3000D Rosenbrock rep0] SMCO_BR ...
[3000D Rosenbrock rep1] SMCO_R fopt=1095311927.7463 t=4933.4s
[3000D Rosenbrock rep1] SMCO_BR ...
[3000D Rastrigin rep1] SMCO_R fopt=85808.5116 t=6059.7s
[3000D Rastrigin rep1] SMCO_BR ...
[3000D Rastrigin rep0] SMCO_R fopt=85871.5341 t=6065.2s
[3000D Rastrigin rep0] SMCO_BR ...
[3000D Ackley rep1] SMCO_R fopt=21.5601 t=7071.4s
[3000D Ackley rep1] SMCO_BR ...
[3000D Ackley rep0] SMCO_R fopt=21.5647 t=7067.0s
[3000D Ackley rep0] SMCO_BR ...
[3000D Rosenbrock rep0] SMCO_BR fopt=861641089.4452 t=4991.8s
[3000D Rosenbrock rep0] SMCO_EVO ...
[3000D Rosenbrock rep1] SMCO_BR fopt=863089571.7294 t=4988.1s
[3000D Rosenbrock rep1] SMCO_EVO ...
[5000D Rosenbrock rep0] SMCO fopt=1944394202.4771 t=16045.6s
[5000D Rosenbrock rep0] SMCO_R ...
[5000D Rosenbrock rep1] SMCO fopt=1945602011.2889 t=16053.6s
[5000D Rosenbrock rep1] SMCO_R ...
[3000D Rastrigin rep1] SMCO_BR fopt=85769.8384 t=6399.9s
[3000D Rastrigin rep1] SMCO_EVO ...
[3000D Rastrigin rep0] SMCO_BR fopt=85846.1176 t=6405.2s
[3000D Rastrigin rep0] SMCO_EVO ...
[3000D Ackley rep0] SMCO_BR fopt=21.9138 t=6857.0s
[3000D Ackley rep0] SMCO_EVO ...
[3000D Ackley rep1] SMCO_BR fopt=21.9050 t=6858.7s
[3000D Ackley rep1] SMCO_EVO ...
[5000D Rastrigin rep0] SMCO fopt=142456.1790 t=21383.9s
[5000D Rastrigin rep0] SMCO_R ...
[5000D Rastrigin rep1] SMCO fopt=142694.7939 t=21401.9s
[5000D Rastrigin rep1] SMCO_R ...
[3000D Rosenbrock rep0] SMCO_EVO fopt=27972088419.5126 t=6796.0s
[3000D Rosenbrock rep0] DEoptim ...
Warning in DEoptim(function(x) -fobj(x), lower = lo, upper = hi, DEoptim.control(itermax = ITER_MAX,  :
  For many problems it is best to set 'NP' (in 'control') to be at least ten times the length of the parameter vector. 

[3000D Rosenbrock rep0] DEoptim fopt=453066877.6598 t=0.5s
[3000D Rosenbrock rep0] GA ...
[3000D Rosenbrock rep0] GA fopt=430482684.7835 t=4.3s
[3000D Rosenbrock rep0] PSO ...
[3000D Rosenbrock rep1] SMCO_EVO fopt=33088273288.2946 t=6803.6s
[3000D Rosenbrock rep1] DEoptim ...
Warning in DEoptim(function(x) -fobj(x), lower = lo, upper = hi, DEoptim.control(itermax = ITER_MAX,  :
  For many problems it is best to set 'NP' (in 'control') to be at least ten times the length of the parameter vector. 

[3000D Rosenbrock rep1] DEoptim fopt=453225748.7903 t=0.5s
[3000D Rosenbrock rep1] GA ...
[3000D Rosenbrock rep0] PSO fopt=1593180053.9849 t=5.2s
[3000D Rosenbrock rep0] GenSA ...
[3000D Rosenbrock rep1] GA fopt=426190874.6362 t=4.5s
[3000D Rosenbrock rep1] PSO ...
[3000D Rosenbrock rep1] PSO fopt=1517327724.6032 t=4.8s
[3000D Rosenbrock rep1] GenSA ...
[5000D Ackley rep1] SMCO fopt=21.6972 t=24947.1s
[5000D Ackley rep1] SMCO_R ...
[5000D Ackley rep0] SMCO fopt=21.6957 t=24987.5s
[5000D Ackley rep0] SMCO_R ...
[3000D Rastrigin rep1] SMCO_EVO fopt=139446.1311 t=8583.7s
[3000D Rastrigin rep1] DEoptim ...
Warning in DEoptim(function(x) -fobj(x), lower = lo, upper = hi, DEoptim.control(itermax = ITER_MAX,  :
  For many problems it is best to set 'NP' (in 'control') to be at least ten times the length of the parameter vector. 

[3000D Rastrigin rep1] DEoptim fopt=58900.0097 t=0.7s
[3000D Rastrigin rep1] GA ...
[3000D Rastrigin rep1] GA fopt=58625.9639 t=5.2s
[3000D Rastrigin rep1] PSO ...
[3000D Rastrigin rep1] PSO fopt=86169.7857 t=5.5s
[3000D Rastrigin rep1] GenSA ...
[3000D Rastrigin rep0] SMCO_EVO fopt=144497.0544 t=8591.6s
[3000D Rastrigin rep0] DEoptim ...
Warning in DEoptim(function(x) -fobj(x), lower = lo, upper = hi, DEoptim.control(itermax = ITER_MAX,  :
  For many problems it is best to set 'NP' (in 'control') to be at least ten times the length of the parameter vector. 

[3000D Rastrigin rep0] DEoptim fopt=58840.8732 t=0.7s
[3000D Rastrigin rep0] GA ...
[3000D Rastrigin rep0] GA fopt=58498.2928 t=5.2s
[3000D Rastrigin rep0] PSO ...
[3000D Rastrigin rep0] PSO fopt=85284.7732 t=5.6s
[3000D Rastrigin rep0] GenSA ...
[3000D Ackley rep0] SMCO_EVO fopt=22.0997 t=9930.1s
[3000D Ackley rep0] DEoptim ...
Warning in DEoptim(function(x) -fobj(x), lower = lo, upper = hi, DEoptim.control(itermax = ITER_MAX,  :
  For many problems it is best to set 'NP' (in 'control') to be at least ten times the length of the parameter vector. 

[3000D Ackley rep0] DEoptim fopt=21.3716 t=0.7s
[3000D Ackley rep0] GA ...
[3000D Ackley rep1] SMCO_EVO fopt=22.0982 t=9933.1s
[3000D Ackley rep1] DEoptim ...
Warning in DEoptim(function(x) -fobj(x), lower = lo, upper = hi, DEoptim.control(itermax = ITER_MAX,  :
  For many problems it is best to set 'NP' (in 'control') to be at least ten times the length of the parameter vector. 

[3000D Ackley rep1] DEoptim fopt=21.3665 t=0.7s
[3000D Ackley rep1] GA ...
[3000D Ackley rep0] GA fopt=21.3726 t=5.3s
[3000D Ackley rep0] PSO ...
[3000D Ackley rep1] GA fopt=21.3671 t=5.3s
[3000D Ackley rep1] PSO ...
[3000D Ackley rep0] PSO fopt=21.7544 t=5.9s
[3000D Ackley rep0] GenSA ...
[3000D Ackley rep1] PSO fopt=21.7628 t=5.8s
[3000D Ackley rep1] GenSA ...
[5000D Rosenbrock rep0] SMCO_R fopt=1691900624.2720 t=16357.7s
[5000D Rosenbrock rep0] SMCO_BR ...
[5000D Rosenbrock rep1] SMCO_R fopt=1689177510.7881 t=16370.2s
[5000D Rosenbrock rep1] SMCO_BR ...
[5000D Rastrigin rep0] SMCO_R fopt=142498.8418 t=21515.2s
[5000D Rastrigin rep0] SMCO_BR ...
[5000D Rastrigin rep1] SMCO_R fopt=142818.7080 t=21591.2s
[5000D Rastrigin rep1] SMCO_BR ...
[5000D Rosenbrock rep0] SMCO_BR fopt=1312197561.9970 t=17419.2s
[5000D Rosenbrock rep0] SMCO_EVO ...
[5000D Rosenbrock rep1] SMCO_BR fopt=1308910089.0395 t=17422.8s
[5000D Rosenbrock rep1] SMCO_EVO ...
[5000D Ackley rep1] SMCO_R fopt=21.7269 t=25435.4s
[5000D Ackley rep1] SMCO_BR ...
[5000D Ackley rep0] SMCO_R fopt=21.7286 t=25440.3s
[5000D Ackley rep0] SMCO_BR ...
[5000D Rastrigin rep0] SMCO_BR fopt=142423.2552 t=23220.8s
[5000D Rastrigin rep0] SMCO_EVO ...
[5000D Rastrigin rep1] SMCO_BR fopt=142710.0916 t=23244.7s
[5000D Rastrigin rep1] SMCO_EVO ...
[5000D Rosenbrock rep0] SMCO_EVO fopt=49031106151.1682 t=23568.4s
[5000D Rosenbrock rep0] DEoptim ...
Warning in DEoptim(function(x) -fobj(x), lower = lo, upper = hi, DEoptim.control(itermax = ITER_MAX,  :
  For many problems it is best to set 'NP' (in 'control') to be at least ten times the length of the parameter vector. 

[5000D Rosenbrock rep0] DEoptim fopt=705882802.4600 t=0.9s
[5000D Rosenbrock rep0] GA ...
[5000D Rosenbrock rep0] GA fopt=696678309.3983 t=7.5s
[5000D Rosenbrock rep0] PSO ...
[5000D Rosenbrock rep1] SMCO_EVO fopt=53403365655.1876 t=23556.3s
[5000D Rosenbrock rep1] DEoptim ...
Warning in DEoptim(function(x) -fobj(x), lower = lo, upper = hi, DEoptim.control(itermax = ITER_MAX,  :
  For many problems it is best to set 'NP' (in 'control') to be at least ten times the length of the parameter vector. 

[5000D Rosenbrock rep1] DEoptim fopt=706592230.1695 t=0.8s
[5000D Rosenbrock rep1] GA ...
[5000D Rosenbrock rep0] PSO fopt=2510936355.8992 t=8.3s
[5000D Rosenbrock rep0] GenSA ...
[5000D Rosenbrock rep1] GA fopt=680213577.3459 t=7.4s
[5000D Rosenbrock rep1] PSO ...
[5000D Rosenbrock rep1] PSO fopt=2475373532.2946 t=8.1s
[5000D Rosenbrock rep1] GenSA ...
[5000D Ackley rep1] SMCO_BR fopt=21.9115 t=24299.5s
[5000D Ackley rep1] SMCO_EVO ...
[5000D Ackley rep0] SMCO_BR fopt=21.9103 t=24343.8s
[5000D Ackley rep0] SMCO_EVO ...
[5000D Rastrigin rep0] SMCO_EVO fopt=244548.1458 t=30961.7s
[5000D Rastrigin rep0] DEoptim ...
Warning in DEoptim(function(x) -fobj(x), lower = lo, upper = hi, DEoptim.control(itermax = ITER_MAX,  :
  For many problems it is best to set 'NP' (in 'control') to be at least ten times the length of the parameter vector. 

[5000D Rastrigin rep0] DEoptim fopt=97141.4290 t=1.4s
[5000D Rastrigin rep0] GA ...
[5000D Rastrigin rep0] GA fopt=95694.8599 t=9.0s
[5000D Rastrigin rep0] PSO ...
[5000D Rastrigin rep0] PSO fopt=144098.1997 t=9.0s
[5000D Rastrigin rep0] GenSA ...
[5000D Rastrigin rep1] SMCO_EVO fopt=247399.5667 t=30972.0s
[5000D Rastrigin rep1] DEoptim ...
Warning in DEoptim(function(x) -fobj(x), lower = lo, upper = hi, DEoptim.control(itermax = ITER_MAX,  :
  For many problems it is best to set 'NP' (in 'control') to be at least ten times the length of the parameter vector. 

[5000D Rastrigin rep1] DEoptim fopt=95881.8412 t=1.4s
[5000D Rastrigin rep1] GA ...
[5000D Rastrigin rep1] GA fopt=96192.1846 t=9.2s
[5000D Rastrigin rep1] PSO ...
[5000D Rastrigin rep1] PSO fopt=142935.7368 t=8.9s
[5000D Rastrigin rep1] GenSA ...
[5000D Ackley rep0] SMCO_EVO fopt=22.1008 t=36228.0s
[5000D Ackley rep0] DEoptim ...
Warning in DEoptim(function(x) -fobj(x), lower = lo, upper = hi, DEoptim.control(itermax = ITER_MAX,  :
  For many problems it is best to set 'NP' (in 'control') to be at least ten times the length of the parameter vector. 

[5000D Ackley rep0] DEoptim fopt=21.3465 t=1.4s
[5000D Ackley rep0] GA ...
[5000D Ackley rep0] GA fopt=21.3456 t=9.1s
[5000D Ackley rep0] PSO ...
[5000D Ackley rep1] SMCO_EVO fopt=22.0955 t=36335.9s
[5000D Ackley rep1] DEoptim ...
Warning in DEoptim(function(x) -fobj(x), lower = lo, upper = hi, DEoptim.control(itermax = ITER_MAX,  :
  For many problems it is best to set 'NP' (in 'control') to be at least ten times the length of the parameter vector. 

[5000D Ackley rep1] DEoptim fopt=21.3393 t=1.4s
[5000D Ackley rep1] GA ...
[5000D Ackley rep0] PSO fopt=21.7442 t=9.4s
[5000D Ackley rep0] GenSA ...
[5000D Ackley rep1] GA fopt=21.3383 t=8.9s
[5000D Ackley rep1] PSO ...
[5000D Ackley rep1] PSO fopt=21.7411 t=9.5s
[5000D Ackley rep1] GenSA ...
[3000D Ackley rep0] GenSA fopt=21.5578 t=88671.8s
[3000D Ackley rep0] SA ...
[3000D Ackley rep0] SA fopt=21.9248 t=414.2s
[3000D Ackley rep1] GenSA fopt=21.5971 t=114472.8s
[3000D Ackley rep1] SA ...
[3000D Ackley rep1] SA fopt=21.9177 t=403.0s
[5000D Ackley rep1] GenSA fopt=21.4251 t=308369.5s
[5000D Ackley rep1] SA ...
[5000D Ackley rep1] SA fopt=21.9222 t=1472.0s
[5000D Ackley rep0] GenSA fopt=21.4199 t=326157.3s
[5000D Ackley rep0] SA ...
[5000D Ackley rep0] SA fopt=21.9219 t=1446.8s
[3000D Rosenbrock rep1] GenSA fopt=2395220121.1517 t=473295.3s
[3000D Rosenbrock rep1] SA ...
[3000D Rosenbrock rep1] SA fopt=1654450029.0000 t=56.0s
[3000D Rosenbrock rep0] GenSA fopt=2395348558.7724 t=503942.3s
[3000D Rosenbrock rep0] SA ...
[3000D Rosenbrock rep0] SA fopt=1667388159.0000 t=56.7s
[3000D Rastrigin rep1] GenSA fopt=120991.1286 t=562223.4s
[3000D Rastrigin rep1] SA ...
[3000D Rastrigin rep1] SA fopt=86822.0900 t=112.0s
[3000D Rastrigin rep0] GenSA fopt=120996.1029 t=565695.8s
[3000D Rastrigin rep0] SA ...
[3000D Rastrigin rep0] SA fopt=86787.1718 t=109.2s
[5000D Rastrigin rep0] GenSA fopt=187432.1796 t=1957763.4s
[5000D Rastrigin rep0] SA ...
[5000D Rastrigin rep0] SA fopt=144646.4258 t=399.5s
[5000D Rastrigin rep1] GenSA fopt=188862.9664 t=2006639.4s
[5000D Rastrigin rep1] SA ...
[5000D Rastrigin rep1] SA fopt=144634.9972 t=375.8s
[5000D Rosenbrock rep1] GenSA fopt=3992211960.3899 t=2368162.5s
[5000D Rosenbrock rep1] SA ...
[5000D Rosenbrock rep1] SA fopt=2756936619.0000 t=178.0s
[5000D Rosenbrock rep0] GenSA fopt=3990717207.0257 t=2498359.5s
[5000D Rosenbrock rep0] SA ...
[5000D Rosenbrock rep0] SA fopt=2749781214.0000 t=180.6s
DONE -> result/r-highdim-2026-06-15/r_highdim_results.csv 
