Output: result/evo-dimsplit-2026-07-18/shard-217
Dims: [1000]
dim_groups: [1, 2, 4, 8]
Strategies: ['rand1bin', 'best1bin']
Variants: ['SMCO_EVO', 'SMCO_R_EVO', 'SMCO_BR_EVO']
Workers: 18, Seed: 21
[1000D] 360 tasks, 18 workers
[1000D] Rastrigin/1000D rep0 SMCO_EVO g1/rand1bin fopt=-8100.25 755s (1/360)
[1000D] Rastrigin/1000D rep0 SMCO_R_EVO g8/rand1bin fopt=-8077.09 757s (2/360)
[1000D] Rastrigin/1000D rep0 SMCO_BR_EVO g8/rand1bin fopt=-8106.8 759s (3/360)
[1000D] Rastrigin/1000D rep0 SMCO_EVO g2/best1bin fopt=-8100.25 760s (4/360)
[1000D] Rastrigin/1000D rep0 SMCO_EVO g4/rand1bin fopt=-8099.88 766s (5/360)
[1000D] Rastrigin/1000D rep0 SMCO_BR_EVO g4/rand1bin fopt=-8108.69 775s (6/360)
[1000D] Rastrigin/1000D rep0 SMCO_R_EVO g4/rand1bin fopt=-8076.05 778s (7/360)
[1000D] Rastrigin/1000D rep0 SMCO_EVO g1/best1bin fopt=-8100.2 893s (8/360)
[1000D] Rastrigin/1000D rep0 SMCO_BR_EVO g2/rand1bin fopt=-8110.39 900s (9/360)
[1000D] Rastrigin/1000D rep0 SMCO_EVO g2/rand1bin fopt=-8100.37 910s (10/360)
[1000D] Rastrigin/1000D rep0 SMCO_BR_EVO g1/best1bin fopt=-8114.15 915s (11/360)
[1000D] Rastrigin/1000D rep0 SMCO_R_EVO g1/best1bin fopt=-8077.19 916s (12/360)
[1000D] Rastrigin/1000D rep0 SMCO_R_EVO g2/rand1bin fopt=-8076.76 919s (13/360)
[1000D] Rastrigin/1000D rep0 SMCO_R_EVO g2/best1bin fopt=-8076.51 919s (14/360)
[1000D] Rastrigin/1000D rep0 SMCO_R_EVO g1/rand1bin fopt=-8077.2 919s (15/360)
[1000D] Rastrigin/1000D rep0 SMCO_EVO g8/rand1bin fopt=-8100.15 922s (16/360)
[1000D] Rastrigin/1000D rep0 SMCO_BR_EVO g2/best1bin fopt=-8102.45 928s (17/360)
[1000D] Rastrigin/1000D rep0 SMCO_BR_EVO g1/rand1bin fopt=-8110.47 954s (18/360)
[1000D] Rastrigin/1000D rep0 SMCO_EVO g8/best1bin fopt=-8099.53 845s (19/360)
[1000D] Rastrigin/1000D rep1 SMCO_EVO g1/rand1bin fopt=-8027.85 829s (20/360)
[1000D] Rastrigin/1000D rep0 SMCO_R_EVO g4/best1bin fopt=-8077 851s (21/360)
[1000D] Rastrigin/1000D rep0 SMCO_EVO g4/best1bin fopt=-8099.31 856s (22/360)
[1000D] Rastrigin/1000D rep0 SMCO_R_EVO g8/best1bin fopt=-8076.93 854s (23/360)
[1000D] Rastrigin/1000D rep0 SMCO_BR_EVO g4/best1bin fopt=-8106.02 885s (24/360)
[1000D] Rastrigin/1000D rep0 SMCO_BR_EVO g8/best1bin fopt=-8106.99 888s (25/360)
[1000D] Rastrigin/1000D rep1 SMCO_R_EVO g1/rand1bin fopt=-8004.5 826s (26/360)
[1000D] Rastrigin/1000D rep1 SMCO_R_EVO g2/rand1bin fopt=-8004.49 811s (27/360)
[1000D] Rastrigin/1000D rep1 SMCO_EVO g4/rand1bin fopt=-8028.62 814s (28/360)
[1000D] Rastrigin/1000D rep1 SMCO_EVO g2/rand1bin fopt=-8028.92 838s (29/360)
[1000D] Rastrigin/1000D rep1 SMCO_EVO g8/rand1bin fopt=-8026.61 829s (30/360)
[1000D] Rastrigin/1000D rep1 SMCO_R_EVO g4/rand1bin fopt=-8005.06 844s (31/360)
[1000D] Rastrigin/1000D rep1 SMCO_BR_EVO g2/rand1bin fopt=-8039.07 847s (32/360)
[1000D] Rastrigin/1000D rep1 SMCO_BR_EVO g4/rand1bin fopt=-8040.77 864s (33/360)
[1000D] Rastrigin/1000D rep1 SMCO_R_EVO g8/rand1bin fopt=-8003.29 860s (34/360)
[1000D] Rastrigin/1000D rep1 SMCO_BR_EVO g1/rand1bin fopt=-8037.14 894s (35/360)
[1000D] Rastrigin/1000D rep1 SMCO_BR_EVO g8/rand1bin fopt=-8039.24 887s (36/360)
[1000D] Rastrigin/1000D rep1 SMCO_EVO g2/best1bin fopt=-8027.59 839s (37/360)
[1000D] Rastrigin/1000D rep1 SMCO_EVO g1/best1bin fopt=-8027.82 846s (38/360)
[1000D] Rastrigin/1000D rep1 SMCO_R_EVO g1/best1bin fopt=-8003.83 859s (39/360)
[1000D] Rastrigin/1000D rep1 SMCO_R_EVO g2/best1bin fopt=-8004.95 853s (40/360)
[1000D] Rastrigin/1000D rep1 SMCO_BR_EVO g1/best1bin fopt=-8046.99 889s (41/360)
[1000D] Rastrigin/1000D rep1 SMCO_BR_EVO g2/best1bin fopt=-8037.88 856s (42/360)
[1000D] Rastrigin/1000D rep1 SMCO_EVO g4/best1bin fopt=-8028.22 839s (43/360)
[1000D] Rastrigin/1000D rep1 SMCO_EVO g8/best1bin fopt=-8027.29 815s (44/360)
[1000D] Rastrigin/1000D rep1 SMCO_R_EVO g4/best1bin fopt=-8003.79 846s (45/360)
[1000D] Rastrigin/1000D rep1 SMCO_BR_EVO g4/best1bin fopt=-8036.15 848s (46/360)
[1000D] Rastrigin/1000D rep1 SMCO_BR_EVO g8/best1bin fopt=-8034.62 832s (47/360)
[1000D] Rastrigin/1000D rep2 SMCO_BR_EVO g1/rand1bin fopt=-8065.41 836s (48/360)
[1000D] Rastrigin/1000D rep2 SMCO_R_EVO g1/rand1bin fopt=-8033.47 876s (49/360)
[1000D] Rastrigin/1000D rep2 SMCO_R_EVO g2/rand1bin fopt=-8033.14 852s (50/360)
[1000D] Rastrigin/1000D rep1 SMCO_R_EVO g8/best1bin fopt=-8003.65 902s (51/360)
[1000D] Rastrigin/1000D rep2 SMCO_EVO g1/rand1bin fopt=-8056.92 894s (52/360)
[1000D] Rastrigin/1000D rep2 SMCO_EVO g2/rand1bin fopt=-8055.84 895s (53/360)
[1000D] Rastrigin/1000D rep2 SMCO_BR_EVO g2/rand1bin fopt=-8064.43 845s (54/360)
[1000D] Rastrigin/1000D rep2 SMCO_BR_EVO g4/rand1bin fopt=-8060.46 879s (55/360)
[1000D] Rastrigin/1000D rep2 SMCO_EVO g4/rand1bin fopt=-8057.02 909s (56/360)
[1000D] Rastrigin/1000D rep2 SMCO_R_EVO g1/best1bin fopt=-8032.73 815s (57/360)
[1000D] Rastrigin/1000D rep2 SMCO_EVO g2/best1bin fopt=-8057.72 799s (58/360)
[1000D] Rastrigin/1000D rep2 SMCO_R_EVO g4/rand1bin fopt=-8033.06 940s (59/360)
[1000D] Rastrigin/1000D rep2 SMCO_R_EVO g2/best1bin fopt=-8033.28 830s (60/360)
[1000D] Rastrigin/1000D rep2 SMCO_BR_EVO g2/best1bin fopt=-8062.12 795s (61/360)
[1000D] Rastrigin/1000D rep2 SMCO_R_EVO g8/rand1bin fopt=-8032.9 952s (62/360)
[1000D] Rastrigin/1000D rep2 SMCO_EVO g8/rand1bin fopt=-8056.43 983s (63/360)
[1000D] Rastrigin/1000D rep2 SMCO_EVO g1/best1bin fopt=-8056.29 979s (64/360)
[1000D] Rastrigin/1000D rep2 SMCO_BR_EVO g8/rand1bin fopt=-8062.38 992s (65/360)
[1000D] Rastrigin/1000D rep2 SMCO_BR_EVO g1/best1bin fopt=-8066.69 963s (66/360)
[1000D] Rastrigin/1000D rep2 SMCO_BR_EVO g4/best1bin fopt=-8063.32 922s (67/360)
[1000D] Rastrigin/1000D rep2 SMCO_R_EVO g4/best1bin fopt=-8033.05 1006s (68/360)
[1000D] Rastrigin/1000D rep2 SMCO_R_EVO g8/best1bin fopt=-8032.97 972s (69/360)
[1000D] Rastrigin/1000D rep2 SMCO_BR_EVO g8/best1bin fopt=-8062.1 982s (70/360)
[1000D] Rastrigin/1000D rep2 SMCO_EVO g4/best1bin fopt=-8057.4 1045s (71/360)
[1000D] Rastrigin/1000D rep2 SMCO_EVO g8/best1bin fopt=-8057.45 1031s (72/360)
[1000D] Rastrigin/1000D rep3 SMCO_EVO g2/rand1bin fopt=-8160.81 740s (73/360)
[1000D] Rastrigin/1000D rep3 SMCO_R_EVO g1/rand1bin fopt=-8137.08 782s (74/360)
[1000D] Rastrigin/1000D rep3 SMCO_BR_EVO g1/rand1bin fopt=-8178.22 783s (75/360)
[1000D] Rastrigin/1000D rep3 SMCO_EVO g4/rand1bin fopt=-8160.24 759s (76/360)
[1000D] Rastrigin/1000D rep3 SMCO_BR_EVO g2/rand1bin fopt=-8175 779s (77/360)
[1000D] Rastrigin/1000D rep3 SMCO_EVO g1/rand1bin fopt=-8160.09 1013s (78/360)
[1000D] Rastrigin/1000D rep3 SMCO_R_EVO g2/rand1bin fopt=-8136.73 1038s (79/360)
[1000D] Rastrigin/1000D rep3 SMCO_R_EVO g8/rand1bin fopt=-8137.47 1013s (80/360)
[1000D] Rastrigin/1000D rep3 SMCO_BR_EVO g4/rand1bin fopt=-8180.02 1053s (81/360)
[1000D] Rastrigin/1000D rep3 SMCO_EVO g8/rand1bin fopt=-8158.85 1043s (82/360)
[1000D] Rastrigin/1000D rep3 SMCO_BR_EVO g8/rand1bin fopt=-8178.41 1019s (83/360)
[1000D] Rastrigin/1000D rep3 SMCO_R_EVO g4/rand1bin fopt=-8137.09 1107s (84/360)
[1000D] Rastrigin/1000D rep3 SMCO_EVO g1/best1bin fopt=-8159.52 1029s (85/360)
[1000D] Rastrigin/1000D rep3 SMCO_R_EVO g1/best1bin fopt=-8136.88 1046s (86/360)
[1000D] Rastrigin/1000D rep3 SMCO_R_EVO g2/best1bin fopt=-8137.38 1017s (87/360)
[1000D] Rastrigin/1000D rep3 SMCO_EVO g2/best1bin fopt=-8160.87 1064s (88/360)
[1000D] Rastrigin/1000D rep3 SMCO_BR_EVO g1/best1bin fopt=-8170.66 1077s (89/360)
[1000D] Rastrigin/1000D rep3 SMCO_BR_EVO g2/best1bin fopt=-8174.33 1057s (90/360)
[1000D] Rastrigin/1000D rep3 SMCO_EVO g4/best1bin fopt=-8161.86 769s (91/360)
[1000D] Rastrigin/1000D rep3 SMCO_R_EVO g4/best1bin fopt=-8137.42 758s (92/360)
[1000D] Rastrigin/1000D rep3 SMCO_EVO g8/best1bin fopt=-8159.51 757s (93/360)
[1000D] Rastrigin/1000D rep3 SMCO_BR_EVO g4/best1bin fopt=-8179.93 795s (94/360)
[1000D] Rastrigin/1000D rep3 SMCO_R_EVO g8/best1bin fopt=-8136.45 792s (95/360)
[1000D] Rastrigin/1000D rep3 SMCO_BR_EVO g8/best1bin fopt=-8173.51 1022s (96/360)
[1000D] Rastrigin/1000D rep4 SMCO_EVO g1/rand1bin fopt=-8220.45 1023s (97/360)
[1000D] Rastrigin/1000D rep4 SMCO_R_EVO g1/rand1bin fopt=-8197.37 1010s (98/360)
[1000D] Rastrigin/1000D rep4 SMCO_BR_EVO g1/rand1bin fopt=-8229.39 1034s (99/360)
[1000D] Rastrigin/1000D rep4 SMCO_R_EVO g2/rand1bin fopt=-8197.13 999s (100/360)
[1000D] Rastrigin/1000D rep4 SMCO_BR_EVO g2/rand1bin fopt=-8229.45 1018s (101/360)
[1000D] Rastrigin/1000D rep4 SMCO_EVO g2/rand1bin fopt=-8220.39 1071s (102/360)
[1000D] Rastrigin/1000D rep4 SMCO_EVO g4/rand1bin fopt=-8220.98 1035s (103/360)
[1000D] Rastrigin/1000D rep4 SMCO_R_EVO g1/best1bin fopt=-8196.82 749s (104/360)
[1000D] Rastrigin/1000D rep4 SMCO_EVO g1/best1bin fopt=-8220.52 804s (105/360)
[1000D] Rastrigin/1000D rep4 SMCO_EVO g2/best1bin fopt=-8220.51 759s (106/360)
[1000D] Rastrigin/1000D rep4 SMCO_BR_EVO g4/rand1bin fopt=-8231.83 1024s (107/360)
[1000D] Rastrigin/1000D rep4 SMCO_BR_EVO g1/best1bin fopt=-8228.31 800s (108/360)
[1000D] Rastrigin/1000D rep4 SMCO_R_EVO g4/rand1bin fopt=-8198.12 1037s (109/360)
[1000D] Rastrigin/1000D rep4 SMCO_R_EVO g8/rand1bin fopt=-8196.79 1016s (110/360)
[1000D] Rastrigin/1000D rep4 SMCO_R_EVO g2/best1bin fopt=-8197.13 782s (111/360)
[1000D] Rastrigin/1000D rep4 SMCO_BR_EVO g8/rand1bin fopt=-8229.15 1030s (112/360)
[1000D] Rastrigin/1000D rep4 SMCO_EVO g8/rand1bin fopt=-8220.57 1100s (113/360)
[1000D] Rastrigin/1000D rep4 SMCO_BR_EVO g2/best1bin fopt=-8225.99 1088s (114/360)
[1000D] Rastrigin/1000D rep4 SMCO_EVO g4/best1bin fopt=-8220.76 1067s (115/360)
[1000D] Rastrigin/1000D rep4 SMCO_BR_EVO g4/best1bin fopt=-8220.42 1045s (116/360)
[1000D] Rastrigin/1000D rep4 SMCO_R_EVO g4/best1bin fopt=-8197.32 1086s (117/360)
[1000D] Rastrigin/1000D rep4 SMCO_R_EVO g8/best1bin fopt=-8197.21 1037s (118/360)
[1000D] Rastrigin/1000D rep4 SMCO_EVO g8/best1bin fopt=-8220.15 1075s (119/360)
[1000D] Ackley/1000D rep0 SMCO_EVO g2/rand1bin fopt=-0.377107 976s (120/360)
[1000D] Ackley/1000D rep0 SMCO_R_EVO g1/rand1bin fopt=-0.0724079 1032s (121/360)
[1000D] Rastrigin/1000D rep4 SMCO_BR_EVO g8/best1bin fopt=-8228.83 1119s (122/360)
[1000D] Ackley/1000D rep0 SMCO_BR_EVO g1/rand1bin fopt=-0.0798917 1074s (123/360)
[1000D] Ackley/1000D rep0 SMCO_BR_EVO g2/rand1bin fopt=-0.0807498 1069s (124/360)
[1000D] Ackley/1000D rep0 SMCO_BR_EVO g4/rand1bin fopt=-0.0803791 1100s (125/360)
[1000D] Ackley/1000D rep0 SMCO_EVO g1/rand1bin fopt=-0.382204 1360s (126/360)
[1000D] Ackley/1000D rep0 SMCO_R_EVO g2/rand1bin fopt=-0.0740857 1343s (127/360)
[1000D] Ackley/1000D rep0 SMCO_EVO g4/rand1bin fopt=-0.371483 1343s (128/360)
[1000D] Ackley/1000D rep0 SMCO_EVO g8/rand1bin fopt=-0.382508 1334s (129/360)
[1000D] Ackley/1000D rep0 SMCO_R_EVO g4/rand1bin fopt=-0.0725632 1403s (130/360)
[1000D] Ackley/1000D rep0 SMCO_R_EVO g8/rand1bin fopt=-0.0729549 1403s (131/360)
[1000D] Ackley/1000D rep0 SMCO_EVO g4/best1bin fopt=-0.376348 989s (132/360)
[1000D] Ackley/1000D rep0 SMCO_R_EVO g2/best1bin fopt=-0.0744023 1099s (133/360)
[1000D] Ackley/1000D rep0 SMCO_BR_EVO g2/best1bin fopt=-0.0812139 1099s (134/360)
[1000D] Ackley/1000D rep0 SMCO_EVO g8/best1bin fopt=-0.377294 1018s (135/360)
[1000D] Ackley/1000D rep0 SMCO_BR_EVO g4/best1bin fopt=-0.0793615 1070s (136/360)
[1000D] Ackley/1000D rep0 SMCO_R_EVO g8/best1bin fopt=-0.0728871 982s (137/360)
[1000D] Ackley/1000D rep0 SMCO_EVO g1/best1bin fopt=-0.379314 1412s (138/360)
[1000D] Ackley/1000D rep0 SMCO_BR_EVO g8/rand1bin fopt=-0.0815647 1492s (139/360)
[1000D] Ackley/1000D rep0 SMCO_EVO g2/best1bin fopt=-0.371854 1370s (140/360)
[1000D] Ackley/1000D rep0 SMCO_R_EVO g1/best1bin fopt=-0.073894 1397s (141/360)
[1000D] Ackley/1000D rep0 SMCO_R_EVO g4/best1bin fopt=-0.0733624 1312s (142/360)
[1000D] Ackley/1000D rep0 SMCO_BR_EVO g1/best1bin fopt=-0.08171 1434s (143/360)
[1000D] Ackley/1000D rep1 SMCO_R_EVO g1/rand1bin fopt=-0.0735638 1144s (144/360)
[1000D] Ackley/1000D rep1 SMCO_EVO g1/rand1bin fopt=-0.378077 1162s (145/360)
[1000D] Ackley/1000D rep0 SMCO_BR_EVO g8/best1bin fopt=-0.0795707 1280s (146/360)
[1000D] Ackley/1000D rep1 SMCO_EVO g2/rand1bin fopt=-0.378998 1141s (147/360)
[1000D] Ackley/1000D rep1 SMCO_R_EVO g2/rand1bin fopt=-0.0730781 1095s (148/360)
[1000D] Ackley/1000D rep1 SMCO_BR_EVO g1/rand1bin fopt=-0.0806923 1224s (149/360)
[1000D] Ackley/1000D rep1 SMCO_EVO g4/rand1bin fopt=-0.37779 740s (150/360)
[1000D] Ackley/1000D rep1 SMCO_R_EVO g4/rand1bin fopt=-0.0733369 690s (151/360)
[1000D] Ackley/1000D rep1 SMCO_BR_EVO g2/rand1bin fopt=-0.0811289 804s (152/360)
[1000D] Ackley/1000D rep1 SMCO_R_EVO g8/rand1bin fopt=-0.0735197 706s (153/360)
[1000D] Ackley/1000D rep1 SMCO_BR_EVO g4/rand1bin fopt=-0.0807038 747s (154/360)
[1000D] Ackley/1000D rep1 SMCO_EVO g8/rand1bin fopt=-0.380833 740s (155/360)
[1000D] Ackley/1000D rep1 SMCO_R_EVO g1/best1bin fopt=-0.0736422 734s (156/360)
[1000D] Ackley/1000D rep1 SMCO_EVO g1/best1bin fopt=-0.37421 772s (157/360)
[1000D] Ackley/1000D rep1 SMCO_BR_EVO g8/rand1bin fopt=-0.0806489 837s (158/360)
[1000D] Ackley/1000D rep1 SMCO_EVO g2/best1bin fopt=-0.374199 768s (159/360)
[1000D] Ackley/1000D rep1 SMCO_R_EVO g2/best1bin fopt=-0.0736318 762s (160/360)
[1000D] Ackley/1000D rep1 SMCO_BR_EVO g1/best1bin fopt=-0.0794659 823s (161/360)
[1000D] Ackley/1000D rep1 SMCO_EVO g4/best1bin fopt=-0.376615 711s (162/360)
[1000D] Ackley/1000D rep1 SMCO_R_EVO g4/best1bin fopt=-0.074905 736s (163/360)
[1000D] Ackley/1000D rep1 SMCO_R_EVO g8/best1bin fopt=-0.0733135 720s (164/360)
[1000D] Ackley/1000D rep1 SMCO_EVO g8/best1bin fopt=-0.373836 744s (165/360)
[1000D] Ackley/1000D rep1 SMCO_BR_EVO g2/best1bin fopt=-0.0804341 852s (166/360)
[1000D] Ackley/1000D rep2 SMCO_EVO g1/rand1bin fopt=-0.372399 644s (167/360)
[1000D] Ackley/1000D rep1 SMCO_BR_EVO g4/best1bin fopt=-0.0802184 819s (168/360)
[1000D] Ackley/1000D rep2 SMCO_R_EVO g1/rand1bin fopt=-0.0734119 717s (169/360)
[1000D] Ackley/1000D rep1 SMCO_BR_EVO g8/best1bin fopt=-0.080796 732s (170/360)
[1000D] Ackley/1000D rep2 SMCO_EVO g2/rand1bin fopt=-0.378443 695s (171/360)
[1000D] Ackley/1000D rep2 SMCO_R_EVO g2/rand1bin fopt=-0.0734417 708s (172/360)
[1000D] Ackley/1000D rep2 SMCO_BR_EVO g1/rand1bin fopt=-0.0803807 759s (173/360)
[1000D] Ackley/1000D rep2 SMCO_EVO g4/rand1bin fopt=-0.375286 689s (174/360)
[1000D] Ackley/1000D rep2 SMCO_BR_EVO g2/rand1bin fopt=-0.0801816 768s (175/360)
[1000D] Ackley/1000D rep2 SMCO_R_EVO g4/rand1bin fopt=-0.0733992 733s (176/360)
[1000D] Ackley/1000D rep2 SMCO_R_EVO g8/rand1bin fopt=-0.0732866 710s (177/360)
[1000D] Ackley/1000D rep2 SMCO_EVO g8/rand1bin fopt=-0.380835 722s (178/360)
[1000D] Ackley/1000D rep2 SMCO_BR_EVO g4/rand1bin fopt=-0.0812863 814s (179/360)
[1000D] Ackley/1000D rep2 SMCO_BR_EVO g8/rand1bin fopt=-0.0800273 787s (180/360)
[1000D] Ackley/1000D rep2 SMCO_EVO g1/best1bin fopt=-0.374977 723s (181/360)
[1000D] Ackley/1000D rep2 SMCO_R_EVO g1/best1bin fopt=-0.0724944 699s (182/360)
[1000D] Ackley/1000D rep2 SMCO_R_EVO g2/best1bin fopt=-0.0737921 687s (183/360)
[1000D] Ackley/1000D rep2 SMCO_EVO g2/best1bin fopt=-0.377305 748s (184/360)
[1000D] Ackley/1000D rep2 SMCO_BR_EVO g1/best1bin fopt=-0.0802098 800s (185/360)
[1000D] Ackley/1000D rep2 SMCO_EVO g4/best1bin fopt=-0.371788 688s (186/360)
[1000D] Ackley/1000D rep2 SMCO_BR_EVO g2/best1bin fopt=-0.0802522 769s (187/360)
[1000D] Ackley/1000D rep2 SMCO_R_EVO g4/best1bin fopt=-0.0732164 718s (188/360)
[1000D] Ackley/1000D rep2 SMCO_R_EVO g8/best1bin fopt=-0.0739826 660s (189/360)
[1000D] Ackley/1000D rep2 SMCO_EVO g8/best1bin fopt=-0.372425 720s (190/360)
[1000D] Ackley/1000D rep2 SMCO_BR_EVO g4/best1bin fopt=-0.0803321 747s (191/360)
[1000D] Ackley/1000D rep2 SMCO_BR_EVO g8/best1bin fopt=-0.0809386 785s (192/360)
[1000D] Ackley/1000D rep3 SMCO_EVO g1/rand1bin fopt=-0.369937 741s (193/360)
[1000D] Ackley/1000D rep3 SMCO_R_EVO g1/rand1bin fopt=-0.0715694 733s (194/360)
[1000D] Ackley/1000D rep3 SMCO_EVO g2/rand1bin fopt=-0.373069 728s (195/360)
[1000D] Ackley/1000D rep3 SMCO_BR_EVO g1/rand1bin fopt=-0.0811794 755s (196/360)
[1000D] Ackley/1000D rep3 SMCO_R_EVO g2/rand1bin fopt=-0.0735808 733s (197/360)
[1000D] Ackley/1000D rep3 SMCO_EVO g4/rand1bin fopt=-0.371176 744s (198/360)
[1000D] Ackley/1000D rep3 SMCO_R_EVO g4/rand1bin fopt=-0.0729598 727s (199/360)
[1000D] Ackley/1000D rep3 SMCO_BR_EVO g2/rand1bin fopt=-0.0807066 769s (200/360)
[1000D] Ackley/1000D rep3 SMCO_EVO g8/rand1bin fopt=-0.380563 722s (201/360)
[1000D] Ackley/1000D rep3 SMCO_BR_EVO g4/rand1bin fopt=-0.0808134 750s (202/360)
[1000D] Ackley/1000D rep3 SMCO_EVO g1/best1bin fopt=-0.375616 720s (203/360)
[1000D] Ackley/1000D rep3 SMCO_R_EVO g8/rand1bin fopt=-0.0725553 733s (204/360)
[1000D] Ackley/1000D rep3 SMCO_R_EVO g1/best1bin fopt=-0.0727636 728s (205/360)
[1000D] Ackley/1000D rep3 SMCO_BR_EVO g8/rand1bin fopt=-0.0794062 762s (206/360)
[1000D] Ackley/1000D rep3 SMCO_R_EVO g2/best1bin fopt=-0.072625 684s (207/360)
[1000D] Ackley/1000D rep3 SMCO_EVO g2/best1bin fopt=-0.373414 694s (208/360)
[1000D] Ackley/1000D rep3 SMCO_BR_EVO g1/best1bin fopt=-0.0807425 769s (209/360)
[1000D] Ackley/1000D rep3 SMCO_EVO g4/best1bin fopt=-0.374654 708s (210/360)
[1000D] Ackley/1000D rep3 SMCO_R_EVO g4/best1bin fopt=-0.0737125 710s (211/360)
[1000D] Ackley/1000D rep3 SMCO_EVO g8/best1bin fopt=-0.379492 683s (212/360)
[1000D] Ackley/1000D rep3 SMCO_BR_EVO g2/best1bin fopt=-0.0797824 765s (213/360)
[1000D] Ackley/1000D rep3 SMCO_BR_EVO g4/best1bin fopt=-0.0808287 784s (214/360)
[1000D] Ackley/1000D rep3 SMCO_R_EVO g8/best1bin fopt=-0.0734852 698s (215/360)
[1000D] Ackley/1000D rep4 SMCO_EVO g1/rand1bin fopt=-0.373044 717s (216/360)
[1000D] Ackley/1000D rep4 SMCO_R_EVO g1/rand1bin fopt=-0.0732891 717s (217/360)
[1000D] Ackley/1000D rep3 SMCO_BR_EVO g8/best1bin fopt=-0.0810144 755s (218/360)
[1000D] Ackley/1000D rep4 SMCO_EVO g2/rand1bin fopt=-0.368915 707s (219/360)
[1000D] Ackley/1000D rep4 SMCO_R_EVO g2/rand1bin fopt=-0.073064 710s (220/360)
[1000D] Ackley/1000D rep4 SMCO_EVO g4/rand1bin fopt=-0.376711 676s (221/360)
[1000D] Ackley/1000D rep4 SMCO_BR_EVO g1/rand1bin fopt=-0.0800486 775s (222/360)
[1000D] Ackley/1000D rep4 SMCO_R_EVO g4/rand1bin fopt=-0.0740239 736s (223/360)
[1000D] Ackley/1000D rep4 SMCO_EVO g8/rand1bin fopt=-0.379841 690s (224/360)
[1000D] Ackley/1000D rep4 SMCO_BR_EVO g2/rand1bin fopt=-0.0809733 784s (225/360)
[1000D] Ackley/1000D rep4 SMCO_R_EVO g8/rand1bin fopt=-0.0720479 690s (226/360)
[1000D] Ackley/1000D rep4 SMCO_BR_EVO g4/rand1bin fopt=-0.0798144 744s (227/360)
[1000D] Ackley/1000D rep4 SMCO_R_EVO g1/best1bin fopt=-0.07442 700s (228/360)
[1000D] Rosenbrock/1000D rep0 SMCO_EVO g1/rand1bin fopt=-245.95 300s (229/360)
[1000D] Ackley/1000D rep4 SMCO_EVO g1/best1bin fopt=-0.376281 734s (230/360)
[1000D] Rosenbrock/1000D rep0 SMCO_R_EVO g1/rand1bin fopt=-21.7399 303s (231/360)
[1000D] Rosenbrock/1000D rep0 SMCO_BR_EVO g1/rand1bin fopt=-24.9982 308s (232/360)
[1000D] Ackley/1000D rep4 SMCO_EVO g2/best1bin fopt=-0.371222 697s (233/360)
[1000D] Rosenbrock/1000D rep0 SMCO_EVO g2/rand1bin fopt=-248.941 294s (234/360)
[1000D] Rosenbrock/1000D rep0 SMCO_R_EVO g2/rand1bin fopt=-22.2589 294s (235/360)
[1000D] Ackley/1000D rep4 SMCO_BR_EVO g8/rand1bin fopt=-0.0809026 805s (236/360)
[1000D] Ackley/1000D rep4 SMCO_BR_EVO g1/best1bin fopt=-0.0811658 781s (237/360)
[1000D] Ackley/1000D rep4 SMCO_R_EVO g2/best1bin fopt=-0.0738589 733s (238/360)
[1000D] Ackley/1000D rep4 SMCO_EVO g4/best1bin fopt=-0.373168 704s (239/360)
[1000D] Ackley/1000D rep4 SMCO_BR_EVO g2/best1bin fopt=-0.0809604 736s (240/360)
[1000D] Ackley/1000D rep4 SMCO_R_EVO g4/best1bin fopt=-0.0739079 706s (241/360)
[1000D] Rosenbrock/1000D rep0 SMCO_BR_EVO g2/rand1bin fopt=-27.4848 300s (242/360)
[1000D] Rosenbrock/1000D rep0 SMCO_EVO g4/rand1bin fopt=-241.175 300s (243/360)
[1000D] Rosenbrock/1000D rep0 SMCO_R_EVO g4/rand1bin fopt=-22.645 304s (244/360)
[1000D] Rosenbrock/1000D rep0 SMCO_BR_EVO g4/rand1bin fopt=-25.434 306s (245/360)
[1000D] Rosenbrock/1000D rep0 SMCO_EVO g8/rand1bin fopt=-248.453 308s (246/360)
[1000D] Rosenbrock/1000D rep0 SMCO_EVO g1/best1bin fopt=-235.524 296s (247/360)
[1000D] Ackley/1000D rep4 SMCO_BR_EVO g4/best1bin fopt=-0.0812069 774s (248/360)
[1000D] Rosenbrock/1000D rep0 SMCO_BR_EVO g8/rand1bin fopt=-35.7414 300s (249/360)
[1000D] Rosenbrock/1000D rep0 SMCO_R_EVO g8/rand1bin fopt=-22.0669 303s (250/360)
[1000D] Rosenbrock/1000D rep0 SMCO_R_EVO g1/best1bin fopt=-22.1302 303s (251/360)
[1000D] Ackley/1000D rep4 SMCO_EVO g8/best1bin fopt=-0.378944 734s (252/360)
[1000D] Ackley/1000D rep4 SMCO_R_EVO g8/best1bin fopt=-0.0730872 742s (253/360)
[1000D] Rosenbrock/1000D rep0 SMCO_BR_EVO g1/best1bin fopt=-27.2726 307s (254/360)
[1000D] Rosenbrock/1000D rep0 SMCO_EVO g2/best1bin fopt=-249.171 302s (255/360)
[1000D] Ackley/1000D rep4 SMCO_BR_EVO g8/best1bin fopt=-0.0789829 774s (256/360)
[1000D] Rosenbrock/1000D rep0 SMCO_R_EVO g2/best1bin fopt=-21.7685 297s (257/360)
[1000D] Rosenbrock/1000D rep0 SMCO_EVO g4/best1bin fopt=-242.724 297s (258/360)
[1000D] Rosenbrock/1000D rep0 SMCO_BR_EVO g2/best1bin fopt=-26.2436 310s (259/360)
[1000D] Rosenbrock/1000D rep0 SMCO_R_EVO g4/best1bin fopt=-21.8447 293s (260/360)
[1000D] Rosenbrock/1000D rep0 SMCO_BR_EVO g4/best1bin fopt=-26.1248 304s (261/360)
[1000D] Rosenbrock/1000D rep0 SMCO_EVO g8/best1bin fopt=-246.788 302s (262/360)
[1000D] Rosenbrock/1000D rep0 SMCO_R_EVO g8/best1bin fopt=-21.8525 305s (263/360)
[1000D] Rosenbrock/1000D rep0 SMCO_BR_EVO g8/best1bin fopt=-26.3348 312s (264/360)
[1000D] Rosenbrock/1000D rep1 SMCO_EVO g1/rand1bin fopt=-251.895 294s (265/360)
[1000D] Rosenbrock/1000D rep1 SMCO_R_EVO g1/rand1bin fopt=-22.1197 294s (266/360)
[1000D] Rosenbrock/1000D rep1 SMCO_BR_EVO g1/rand1bin fopt=-54.0261 304s (267/360)
[1000D] Rosenbrock/1000D rep1 SMCO_EVO g2/rand1bin fopt=-243.215 305s (268/360)
[1000D] Rosenbrock/1000D rep1 SMCO_R_EVO g2/rand1bin fopt=-21.9245 301s (269/360)
[1000D] Rosenbrock/1000D rep1 SMCO_BR_EVO g2/rand1bin fopt=-28.2677 312s (270/360)
[1000D] Rosenbrock/1000D rep1 SMCO_EVO g4/rand1bin fopt=-235.351 306s (271/360)
[1000D] Rosenbrock/1000D rep1 SMCO_R_EVO g4/rand1bin fopt=-22.2899 303s (272/360)
[1000D] Rosenbrock/1000D rep1 SMCO_BR_EVO g4/rand1bin fopt=-27.5415 310s (273/360)
[1000D] Rosenbrock/1000D rep1 SMCO_EVO g8/rand1bin fopt=-244.411 306s (274/360)
[1000D] Rosenbrock/1000D rep1 SMCO_R_EVO g8/rand1bin fopt=-22.4264 295s (275/360)
[1000D] Rosenbrock/1000D rep1 SMCO_BR_EVO g8/rand1bin fopt=-54.9851 301s (276/360)
[1000D] Rosenbrock/1000D rep1 SMCO_EVO g1/best1bin fopt=-247.853 297s (277/360)
[1000D] Rosenbrock/1000D rep1 SMCO_R_EVO g1/best1bin fopt=-22.4011 294s (278/360)
[1000D] Rosenbrock/1000D rep1 SMCO_EVO g2/best1bin fopt=-249.827 293s (279/360)
[1000D] Rosenbrock/1000D rep1 SMCO_BR_EVO g1/best1bin fopt=-28.8937 301s (280/360)
[1000D] Rosenbrock/1000D rep1 SMCO_R_EVO g2/best1bin fopt=-22.1539 295s (281/360)
[1000D] Rosenbrock/1000D rep1 SMCO_EVO g4/best1bin fopt=-248.406 295s (282/360)
[1000D] Rosenbrock/1000D rep1 SMCO_R_EVO g4/best1bin fopt=-22.1102 297s (283/360)
[1000D] Rosenbrock/1000D rep1 SMCO_BR_EVO g2/best1bin fopt=-29.6691 303s (284/360)
[1000D] Rosenbrock/1000D rep1 SMCO_EVO g8/best1bin fopt=-242.06 295s (285/360)
[1000D] Rosenbrock/1000D rep1 SMCO_R_EVO g8/best1bin fopt=-22.7047 296s (286/360)
[1000D] Rosenbrock/1000D rep1 SMCO_BR_EVO g4/best1bin fopt=-27.2341 305s (287/360)
[1000D] Rosenbrock/1000D rep1 SMCO_BR_EVO g8/best1bin fopt=-26.3638 298s (288/360)
[1000D] Rosenbrock/1000D rep2 SMCO_EVO g1/rand1bin fopt=-246.816 294s (289/360)
[1000D] Rosenbrock/1000D rep2 SMCO_R_EVO g1/rand1bin fopt=-21.3167 300s (290/360)
[1000D] Rosenbrock/1000D rep2 SMCO_BR_EVO g1/rand1bin fopt=-26.1436 301s (291/360)
[1000D] Rosenbrock/1000D rep2 SMCO_EVO g2/rand1bin fopt=-244.24 295s (292/360)
[1000D] Rosenbrock/1000D rep2 SMCO_R_EVO g2/rand1bin fopt=-21.9792 297s (293/360)
[1000D] Rosenbrock/1000D rep2 SMCO_EVO g4/rand1bin fopt=-244.469 299s (294/360)
[1000D] Rosenbrock/1000D rep2 SMCO_BR_EVO g2/rand1bin fopt=-31.5082 301s (295/360)
[1000D] Rosenbrock/1000D rep2 SMCO_R_EVO g4/rand1bin fopt=-22.1659 299s (296/360)
[1000D] Rosenbrock/1000D rep2 SMCO_EVO g8/rand1bin fopt=-232.152 296s (297/360)
[1000D] Rosenbrock/1000D rep2 SMCO_BR_EVO g4/rand1bin fopt=-30.6644 301s (298/360)
[1000D] Rosenbrock/1000D rep2 SMCO_R_EVO g8/rand1bin fopt=-22.6739 297s (299/360)
[1000D] Rosenbrock/1000D rep2 SMCO_EVO g1/best1bin fopt=-242.561 294s (300/360)
[1000D] Rosenbrock/1000D rep2 SMCO_R_EVO g1/best1bin fopt=-22.32 296s (301/360)
[1000D] Rosenbrock/1000D rep2 SMCO_BR_EVO g8/rand1bin fopt=-37.2297 306s (302/360)
[1000D] Rosenbrock/1000D rep2 SMCO_EVO g2/best1bin fopt=-246.43 294s (303/360)
[1000D] Rosenbrock/1000D rep2 SMCO_BR_EVO g1/best1bin fopt=-26.4786 300s (304/360)
[1000D] Rosenbrock/1000D rep2 SMCO_R_EVO g2/best1bin fopt=-22.4722 307s (305/360)
[1000D] Rosenbrock/1000D rep2 SMCO_EVO g4/best1bin fopt=-245.734 294s (306/360)
[1000D] Rosenbrock/1000D rep2 SMCO_BR_EVO g2/best1bin fopt=-25.8361 300s (307/360)
[1000D] Rosenbrock/1000D rep2 SMCO_R_EVO g4/best1bin fopt=-22.0611 295s (308/360)
[1000D] Rosenbrock/1000D rep2 SMCO_BR_EVO g4/best1bin fopt=-31.9513 300s (309/360)
[1000D] Rosenbrock/1000D rep2 SMCO_EVO g8/best1bin fopt=-244.702 292s (310/360)
[1000D] Rosenbrock/1000D rep2 SMCO_R_EVO g8/best1bin fopt=-22.8367 296s (311/360)
[1000D] Rosenbrock/1000D rep3 SMCO_EVO g1/rand1bin fopt=-238.159 293s (312/360)
[1000D] Rosenbrock/1000D rep3 SMCO_R_EVO g1/rand1bin fopt=-22.229 294s (313/360)
[1000D] Rosenbrock/1000D rep2 SMCO_BR_EVO g8/best1bin fopt=-27.0151 301s (314/360)
[1000D] Rosenbrock/1000D rep3 SMCO_EVO g2/rand1bin fopt=-251.48 291s (315/360)
[1000D] Rosenbrock/1000D rep3 SMCO_BR_EVO g1/rand1bin fopt=-31.4151 300s (316/360)
[1000D] Rosenbrock/1000D rep3 SMCO_R_EVO g2/rand1bin fopt=-22.1629 295s (317/360)
[1000D] Rosenbrock/1000D rep3 SMCO_EVO g4/rand1bin fopt=-236.572 295s (318/360)
[1000D] Rosenbrock/1000D rep3 SMCO_BR_EVO g2/rand1bin fopt=-29.5881 304s (319/360)
[1000D] Rosenbrock/1000D rep3 SMCO_R_EVO g4/rand1bin fopt=-22.8593 297s (320/360)
[1000D] Rosenbrock/1000D rep3 SMCO_EVO g8/rand1bin fopt=-249.359 294s (321/360)
[1000D] Rosenbrock/1000D rep3 SMCO_BR_EVO g4/rand1bin fopt=-34.6856 301s (322/360)
[1000D] Rosenbrock/1000D rep3 SMCO_R_EVO g8/rand1bin fopt=-22.6856 301s (323/360)
[1000D] Rosenbrock/1000D rep3 SMCO_BR_EVO g8/rand1bin fopt=-26.8703 300s (324/360)
[1000D] Rosenbrock/1000D rep3 SMCO_EVO g1/best1bin fopt=-244.671 295s (325/360)
[1000D] Rosenbrock/1000D rep3 SMCO_R_EVO g1/best1bin fopt=-22.2872 296s (326/360)
[1000D] Rosenbrock/1000D rep3 SMCO_EVO g2/best1bin fopt=-239.522 293s (327/360)
[1000D] Rosenbrock/1000D rep3 SMCO_BR_EVO g1/best1bin fopt=-25.5636 298s (328/360)
[1000D] Rosenbrock/1000D rep3 SMCO_R_EVO g2/best1bin fopt=-22.857 295s (329/360)
[1000D] Rosenbrock/1000D rep3 SMCO_BR_EVO g2/best1bin fopt=-27.8805 301s (330/360)
[1000D] Rosenbrock/1000D rep3 SMCO_R_EVO g4/best1bin fopt=-22.446 300s (331/360)
[1000D] Rosenbrock/1000D rep3 SMCO_EVO g4/best1bin fopt=-248.819 303s (332/360)
[1000D] Rosenbrock/1000D rep3 SMCO_BR_EVO g4/best1bin fopt=-29.0084 302s (333/360)
[1000D] Rosenbrock/1000D rep3 SMCO_EVO g8/best1bin fopt=-246.324 299s (334/360)
[1000D] Rosenbrock/1000D rep3 SMCO_R_EVO g8/best1bin fopt=-21.9009 300s (335/360)
[1000D] Rosenbrock/1000D rep4 SMCO_EVO g1/rand1bin fopt=-249.088 295s (336/360)
[1000D] Rosenbrock/1000D rep4 SMCO_R_EVO g1/rand1bin fopt=-21.8896 297s (337/360)
[1000D] Rosenbrock/1000D rep3 SMCO_BR_EVO g8/best1bin fopt=-29.7934 303s (338/360)
[1000D] Rosenbrock/1000D rep4 SMCO_EVO g2/rand1bin fopt=-243.617 295s (339/360)
[1000D] Rosenbrock/1000D rep4 SMCO_BR_EVO g1/rand1bin fopt=-34.9412 302s (340/360)
[1000D] Rosenbrock/1000D rep4 SMCO_R_EVO g2/rand1bin fopt=-22.763 298s (341/360)
[1000D] Rosenbrock/1000D rep4 SMCO_EVO g4/rand1bin fopt=-248.713 297s (342/360)
[1000D] Rosenbrock/1000D rep4 SMCO_BR_EVO g2/rand1bin fopt=-26.9158 303s (343/360)
[1000D] Rosenbrock/1000D rep4 SMCO_R_EVO g4/rand1bin fopt=-21.1538 300s (344/360)
[1000D] Rosenbrock/1000D rep4 SMCO_EVO g8/rand1bin fopt=-245.422 299s (345/360)
[1000D] Rosenbrock/1000D rep4 SMCO_BR_EVO g4/rand1bin fopt=-27.2071 303s (346/360)
[1000D] Rosenbrock/1000D rep4 SMCO_R_EVO g8/rand1bin fopt=-22.2512 301s (347/360)
[1000D] Rosenbrock/1000D rep4 SMCO_R_EVO g1/best1bin fopt=-22.4746 293s (348/360)
[1000D] Rosenbrock/1000D rep4 SMCO_EVO g1/best1bin fopt=-248.902 293s (349/360)
[1000D] Rosenbrock/1000D rep4 SMCO_BR_EVO g8/rand1bin fopt=-32.2622 300s (350/360)
[1000D] Rosenbrock/1000D rep4 SMCO_EVO g2/best1bin fopt=-245.546 292s (351/360)
[1000D] Rosenbrock/1000D rep4 SMCO_BR_EVO g1/best1bin fopt=-31.0514 297s (352/360)
[1000D] Rosenbrock/1000D rep4 SMCO_R_EVO g2/best1bin fopt=-21.8058 293s (353/360)
[1000D] Rosenbrock/1000D rep4 SMCO_EVO g4/best1bin fopt=-245.301 290s (354/360)
[1000D] Rosenbrock/1000D rep4 SMCO_R_EVO g4/best1bin fopt=-22.06 296s (355/360)
[1000D] Rosenbrock/1000D rep4 SMCO_BR_EVO g2/best1bin fopt=-75.5436 303s (356/360)
[1000D] Rosenbrock/1000D rep4 SMCO_EVO g8/best1bin fopt=-241.712 290s (357/360)
[1000D] Rosenbrock/1000D rep4 SMCO_BR_EVO g4/best1bin fopt=-28.7322 296s (358/360)
[1000D] Rosenbrock/1000D rep4 SMCO_R_EVO g8/best1bin fopt=-22.2197 295s (359/360)
[1000D] Rosenbrock/1000D rep4 SMCO_BR_EVO g8/best1bin fopt=-33.2805 294s (360/360)
[1000D] DONE 360 tasks in 13842s
[1000D] DONE (flushed per-task)
