Output: result/evo-startsweep-2026-07-18/shard-217
Dims: [1000]
Fractions: [0.5, 0.6666666666666666, 0.75, 0.8]
Variants: ['SMCO_EVO', 'SMCO_R_EVO', 'SMCO_BR_EVO'] | strategy: rand1bin
Workers: 18, Seed: 21
Baseline (reused, not re-run): result/highdim-full-comparison-2026-06-04/all_results.csv
[1000D] 180 tasks, 18 workers
Output: result/evo-startsweep-2026-07-18/shard-217
Dims: [1000]
Fractions: [1.0, 0.5, 0.6666666666666666, 0.75, 0.8]
Variants: ['SMCO_EVO', 'SMCO_R_EVO', 'SMCO_BR_EVO'] | strategy: rand1bin
Workers: 18, Seed: 21
[1000D] 225 tasks, 18 workers
[1000D] Rastrigin/1000D rep0 SMCO_EVO fopt=-2519.07 413s (1/225)
[1000D] Rastrigin/1000D rep0 SMCO_BR_EVO fopt=-2537.53 460s (2/225)
[1000D] Rastrigin/1000D rep0 SMCO_R_EVO fopt=-2501.45 462s (3/225)
[1000D] Rastrigin/1000D rep0 SMCO_R_EVO fopt=-7827.02 553s (4/225)
[1000D] Rastrigin/1000D rep0 SMCO_BR_EVO fopt=-7836.18 554s (5/225)
[1000D] Rastrigin/1000D rep0 SMCO_EVO fopt=-6113.52 567s (6/225)
[1000D] Rastrigin/1000D rep0 SMCO_BR_EVO fopt=-8010.65 577s (7/225)
[1000D] Rastrigin/1000D rep0 SMCO_R_EVO fopt=-7972.97 592s (8/225)
[1000D] Rastrigin/1000D rep0 SMCO_BR_EVO fopt=-6124.07 595s (9/225)
[1000D] Rastrigin/1000D rep0 SMCO_R_EVO fopt=-6082.59 604s (10/225)
[1000D] Rastrigin/1000D rep0 SMCO_EVO fopt=-7816.96 676s (11/225)
[1000D] Rastrigin/1000D rep0 SMCO_EVO fopt=-7997.26 692s (12/225)
[1000D] Rastrigin/1000D rep0 SMCO_BR_EVO fopt=-8110.47 768s (13/225)
[1000D] Rastrigin/1000D rep1 SMCO_EVO fopt=-2461.66 374s (14/225)
[1000D] Rastrigin/1000D rep1 SMCO_BR_EVO fopt=-8037.14 851s (15/225)
[1000D] Rastrigin/1000D rep1 SMCO_R_EVO fopt=-8004.5 858s (16/225)
[1000D] Rastrigin/1000D rep1 SMCO_EVO fopt=-8027.85 875s (17/225)
[1000D] Rastrigin/1000D rep1 SMCO_R_EVO fopt=-2464.48 416s (18/225)
[1000D] Rastrigin/1000D rep0 SMCO_R_EVO fopt=-8077.2 894s (19/225)
[1000D] Rastrigin/1000D rep1 SMCO_BR_EVO fopt=-2473.95 437s (20/225)
[1000D] Rastrigin/1000D rep0 SMCO_EVO fopt=-8100.25 910s (21/225)
[1000D] Rastrigin/1000D rep1 SMCO_EVO fopt=-6022.21 556s (22/225)
[1000D] Rastrigin/1000D rep1 SMCO_R_EVO fopt=-6004.86 572s (23/225)
[1000D] Rastrigin/1000D rep1 SMCO_BR_EVO fopt=-6029.4 579s (24/225)
[1000D] Rastrigin/1000D rep1 SMCO_EVO fopt=-7713.13 625s (25/225)
[1000D] Rastrigin/1000D rep1 SMCO_R_EVO fopt=-7689.01 618s (26/225)
[1000D] Rastrigin/1000D rep1 SMCO_BR_EVO fopt=-7728.86 648s (27/225)
[1000D] Rastrigin/1000D rep1 SMCO_EVO fopt=-7833.36 645s (28/225)
[1000D] Rastrigin/1000D rep2 SMCO_EVO fopt=-2525.23 407s (29/225)
[1000D] Rastrigin/1000D rep2 SMCO_BR_EVO fopt=-2508.43 420s (30/225)
[1000D] Rastrigin/1000D rep2 SMCO_R_EVO fopt=-2486.24 422s (31/225)
[1000D] Rastrigin/1000D rep1 SMCO_R_EVO fopt=-7802 666s (32/225)
[1000D] Rastrigin/1000D rep1 SMCO_BR_EVO fopt=-7846.66 658s (33/225)
[1000D] Rastrigin/1000D rep2 SMCO_EVO fopt=-6032.78 526s (34/225)
[1000D] Rastrigin/1000D rep2 SMCO_R_EVO fopt=-5992.12 562s (35/225)
[1000D] Rastrigin/1000D rep2 SMCO_BR_EVO fopt=-6027.11 569s (36/225)
[1000D] Rastrigin/1000D rep2 SMCO_R_EVO fopt=-8033.47 821s (37/225)
[1000D] Rastrigin/1000D rep2 SMCO_EVO fopt=-8056.92 855s (38/225)
[1000D] Rastrigin/1000D rep2 SMCO_BR_EVO fopt=-8065.41 857s (39/225)
[1000D] Rastrigin/1000D rep3 SMCO_EVO fopt=-2599.36 414s (40/225)
[1000D] Rastrigin/1000D rep2 SMCO_EVO fopt=-7783.19 636s (41/225)
[1000D] Rastrigin/1000D rep3 SMCO_R_EVO fopt=-2600.32 408s (42/225)
[1000D] Rastrigin/1000D rep2 SMCO_R_EVO fopt=-7778.25 631s (43/225)
[1000D] Rastrigin/1000D rep3 SMCO_BR_EVO fopt=-2620.05 421s (44/225)
[1000D] Rastrigin/1000D rep2 SMCO_BR_EVO fopt=-7823.37 670s (45/225)
[1000D] Rastrigin/1000D rep2 SMCO_EVO fopt=-7928.99 654s (46/225)
[1000D] Rastrigin/1000D rep2 SMCO_R_EVO fopt=-7904.73 667s (47/225)
[1000D] Rastrigin/1000D rep2 SMCO_BR_EVO fopt=-7942.4 655s (48/225)
[1000D] Rastrigin/1000D rep3 SMCO_EVO fopt=-6322.43 545s (49/225)
[1000D] Rastrigin/1000D rep3 SMCO_R_EVO fopt=-6301.55 550s (50/225)
[1000D] Rastrigin/1000D rep3 SMCO_BR_EVO fopt=-6304.34 583s (51/225)
[1000D] Rastrigin/1000D rep3 SMCO_EVO fopt=-8160.09 814s (52/225)
[1000D] Rastrigin/1000D rep3 SMCO_R_EVO fopt=-8137.08 859s (53/225)
[1000D] Rastrigin/1000D rep3 SMCO_BR_EVO fopt=-8178.22 855s (54/225)
[1000D] Rastrigin/1000D rep3 SMCO_EVO fopt=-8083.88 617s (55/225)
[1000D] Rastrigin/1000D rep3 SMCO_R_EVO fopt=-8053.39 629s (56/225)
[1000D] Rastrigin/1000D rep4 SMCO_EVO fopt=-2495.93 416s (57/225)
[1000D] Rastrigin/1000D rep4 SMCO_R_EVO fopt=-2463.42 395s (58/225)
[1000D] Rastrigin/1000D rep4 SMCO_BR_EVO fopt=-2505.31 426s (59/225)
[1000D] Rastrigin/1000D rep3 SMCO_BR_EVO fopt=-8086.38 634s (60/225)
[1000D] Rastrigin/1000D rep3 SMCO_EVO fopt=-8208.28 645s (61/225)
[1000D] Rastrigin/1000D rep3 SMCO_R_EVO fopt=-8170.59 674s (62/225)
[1000D] Rastrigin/1000D rep3 SMCO_BR_EVO fopt=-8211.28 687s (63/225)
[1000D] Rastrigin/1000D rep4 SMCO_EVO fopt=-6079.53 521s (64/225)
[1000D] Rastrigin/1000D rep4 SMCO_R_EVO fopt=-6078.69 547s (65/225)
[1000D] Rastrigin/1000D rep4 SMCO_R_EVO fopt=-8197.37 820s (66/225)
[1000D] Rastrigin/1000D rep4 SMCO_EVO fopt=-8220.45 879s (67/225)
[1000D] Rastrigin/1000D rep4 SMCO_BR_EVO fopt=-8229.39 835s (68/225)
[1000D] Rastrigin/1000D rep4 SMCO_EVO fopt=-7887.47 598s (69/225)
[1000D] Rastrigin/1000D rep4 SMCO_BR_EVO fopt=-6129.81 603s (70/225)
[1000D] Rastrigin/1000D rep4 SMCO_R_EVO fopt=-7860.89 616s (71/225)
[1000D] Rastrigin/1000D rep4 SMCO_BR_EVO fopt=-7891.52 617s (72/225)
[1000D] Rastrigin/1000D rep4 SMCO_EVO fopt=-8021.87 729s (73/225)
[1000D] Ackley/1000D rep0 SMCO_BR_EVO fopt=-0.0816713 556s (74/225)
[1000D] Ackley/1000D rep0 SMCO_EVO fopt=-0.409107 638s (75/225)
[1000D] Ackley/1000D rep0 SMCO_R_EVO fopt=-0.0764 578s (76/225)
[1000D] Rastrigin/1000D rep4 SMCO_R_EVO fopt=-8011.87 768s (77/225)
[1000D] Rastrigin/1000D rep4 SMCO_BR_EVO fopt=-8029.74 750s (78/225)
[1000D] Ackley/1000D rep0 SMCO_EVO fopt=-0.390213 679s (79/225)
[1000D] Ackley/1000D rep0 SMCO_R_EVO fopt=-0.0760063 710s (80/225)
[1000D] Ackley/1000D rep0 SMCO_R_EVO fopt=-0.0724079 1095s (81/225)
[1000D] Ackley/1000D rep0 SMCO_R_EVO fopt=-0.0759553 815s (82/225)
[1000D] Ackley/1000D rep0 SMCO_BR_EVO fopt=-0.0821411 921s (83/225)
[1000D] Ackley/1000D rep0 SMCO_BR_EVO fopt=-0.0811325 857s (84/225)
[1000D] Ackley/1000D rep1 SMCO_EVO fopt=-0.407538 592s (85/225)
[1000D] Ackley/1000D rep0 SMCO_R_EVO fopt=-0.0751675 854s (86/225)
[1000D] Ackley/1000D rep0 SMCO_EVO fopt=-0.382204 1332s (87/225)
[1000D] Ackley/1000D rep0 SMCO_EVO fopt=-0.375965 999s (88/225)
[1000D] Ackley/1000D rep0 SMCO_BR_EVO fopt=-0.0818976 877s (89/225)
[1000D] Ackley/1000D rep1 SMCO_R_EVO fopt=-0.0753436 670s (90/225)
[1000D] Ackley/1000D rep0 SMCO_EVO fopt=-0.381273 1050s (91/225)
[1000D] Ackley/1000D rep1 SMCO_BR_EVO fopt=-0.0821309 709s (92/225)
[1000D] Ackley/1000D rep0 SMCO_BR_EVO fopt=-0.0798917 1420s (93/225)
[1000D] Ackley/1000D rep1 SMCO_EVO fopt=-0.390839 712s (94/225)
[1000D] Ackley/1000D rep1 SMCO_R_EVO fopt=-0.0757267 685s (95/225)
[1000D] Ackley/1000D rep1 SMCO_R_EVO fopt=-0.0735638 1047s (96/225)
[1000D] Ackley/1000D rep1 SMCO_BR_EVO fopt=-0.0802217 719s (97/225)
[1000D] Ackley/1000D rep1 SMCO_EVO fopt=-0.386131 752s (98/225)
[1000D] Ackley/1000D rep1 SMCO_EVO fopt=-0.378077 1322s (99/225)
[1000D] Ackley/1000D rep1 SMCO_BR_EVO fopt=-0.0800707 857s (100/225)
[1000D] Ackley/1000D rep1 SMCO_R_EVO fopt=-0.0754059 801s (101/225)
[1000D] Ackley/1000D rep2 SMCO_EVO fopt=-0.406154 682s (102/225)
[1000D] Ackley/1000D rep2 SMCO_R_EVO fopt=-0.0751319 670s (103/225)
[1000D] Ackley/1000D rep1 SMCO_BR_EVO fopt=-0.0806923 1435s (104/225)
[1000D] Ackley/1000D rep2 SMCO_BR_EVO fopt=-0.0821841 733s (105/225)
[1000D] Ackley/1000D rep2 SMCO_EVO fopt=-0.391852 621s (106/225)
[1000D] Ackley/1000D rep1 SMCO_R_EVO fopt=-0.0751749 1023s (107/225)
[1000D] Ackley/1000D rep2 SMCO_R_EVO fopt=-0.0757485 659s (108/225)
[1000D] Ackley/1000D rep1 SMCO_EVO fopt=-0.384255 1069s (109/225)
[1000D] Ackley/1000D rep2 SMCO_R_EVO fopt=-0.0734119 1013s (110/225)
[1000D] Ackley/1000D rep2 SMCO_BR_EVO fopt=-0.0808776 704s (111/225)
[1000D] Ackley/1000D rep1 SMCO_BR_EVO fopt=-0.0816468 1177s (112/225)
[1000D] Ackley/1000D rep2 SMCO_EVO fopt=-0.386003 769s (113/225)
[1000D] Ackley/1000D rep2 SMCO_EVO fopt=-0.372399 1322s (114/225)
[1000D] Ackley/1000D rep2 SMCO_R_EVO fopt=-0.0735244 774s (115/225)
[1000D] Ackley/1000D rep3 SMCO_EVO fopt=-0.407152 508s (116/225)
[1000D] Ackley/1000D rep2 SMCO_BR_EVO fopt=-0.0803807 1475s (117/225)
[1000D] Ackley/1000D rep2 SMCO_EVO fopt=-0.38703 797s (118/225)
[1000D] Ackley/1000D rep2 SMCO_R_EVO fopt=-0.074103 782s (119/225)
[1000D] Ackley/1000D rep3 SMCO_BR_EVO fopt=-0.0811922 568s (120/225)
[1000D] Ackley/1000D rep3 SMCO_R_EVO fopt=-0.0753834 679s (121/225)
[1000D] Ackley/1000D rep2 SMCO_BR_EVO fopt=-0.0817151 940s (122/225)
[1000D] Ackley/1000D rep3 SMCO_R_EVO fopt=-0.0757139 685s (123/225)
[1000D] Ackley/1000D rep2 SMCO_BR_EVO fopt=-0.0814997 1093s (124/225)
[1000D] Ackley/1000D rep3 SMCO_BR_EVO fopt=-0.0802196 721s (125/225)
[1000D] Ackley/1000D rep3 SMCO_EVO fopt=-0.401937 857s (126/225)
[1000D] Ackley/1000D rep3 SMCO_R_EVO fopt=-0.0740722 771s (127/225)
[1000D] Ackley/1000D rep3 SMCO_R_EVO fopt=-0.0715694 1324s (128/225)
[1000D] Ackley/1000D rep3 SMCO_EVO fopt=-0.369937 1370s (129/225)
[1000D] Ackley/1000D rep3 SMCO_R_EVO fopt=-0.0731621 806s (130/225)
[1000D] Ackley/1000D rep3 SMCO_EVO fopt=-0.382431 837s (131/225)
[1000D] Ackley/1000D rep3 SMCO_EVO fopt=-0.390987 1057s (132/225)
[1000D] Ackley/1000D rep4 SMCO_BR_EVO fopt=-0.0829361 525s (133/225)
[1000D] Ackley/1000D rep4 SMCO_EVO fopt=-0.396161 658s (134/225)
[1000D] Ackley/1000D rep3 SMCO_BR_EVO fopt=-0.0811794 1486s (135/225)
[1000D] Ackley/1000D rep4 SMCO_R_EVO fopt=-0.0766177 681s (136/225)
[1000D] Ackley/1000D rep3 SMCO_BR_EVO fopt=-0.0811914 1094s (137/225)
[1000D] Ackley/1000D rep4 SMCO_R_EVO fopt=-0.0752032 672s (138/225)
[1000D] Ackley/1000D rep4 SMCO_R_EVO fopt=-0.0732891 1021s (139/225)
[1000D] Ackley/1000D rep4 SMCO_EVO fopt=-0.391387 834s (140/225)
[1000D] Ackley/1000D rep4 SMCO_EVO fopt=-0.373044 1040s (141/225)
[1000D] Ackley/1000D rep4 SMCO_BR_EVO fopt=-0.0800486 1123s (142/225)
[1000D] Rosenbrock/1000D rep0 SMCO_EVO fopt=-245.95 437s (143/225)
[1000D] Rosenbrock/1000D rep0 SMCO_EVO fopt=-272.724 290s (144/225)
[1000D] Ackley/1000D rep3 SMCO_BR_EVO fopt=-0.0804555 1165s (145/225)
[1000D] Rosenbrock/1000D rep0 SMCO_R_EVO fopt=-23.3023 298s (146/225)
[1000D] Rosenbrock/1000D rep0 SMCO_BR_EVO fopt=-26.3256 226s (147/225)
[1000D] Ackley/1000D rep4 SMCO_EVO fopt=-0.382475 753s (148/225)
[1000D] Rosenbrock/1000D rep0 SMCO_R_EVO fopt=-21.7399 606s (149/225)
[1000D] Rosenbrock/1000D rep0 SMCO_EVO fopt=-262.491 280s (150/225)
[1000D] Ackley/1000D rep4 SMCO_BR_EVO fopt=-0.0804394 987s (151/225)
[1000D] Rosenbrock/1000D rep0 SMCO_BR_EVO fopt=-25.7609 294s (152/225)
[1000D] Rosenbrock/1000D rep0 SMCO_BR_EVO fopt=-24.9982 590s (153/225)
[1000D] Rosenbrock/1000D rep0 SMCO_R_EVO fopt=-22.8568 385s (154/225)
[1000D] Ackley/1000D rep4 SMCO_EVO fopt=-0.383487 781s (155/225)
[1000D] Rosenbrock/1000D rep0 SMCO_R_EVO fopt=-22.3454 306s (156/225)
[1000D] Ackley/1000D rep4 SMCO_R_EVO fopt=-0.0749477 791s (157/225)
[1000D] Rosenbrock/1000D rep0 SMCO_EVO fopt=-259.541 329s (158/225)
[1000D] Rosenbrock/1000D rep0 SMCO_BR_EVO fopt=-25.0561 340s (159/225)
[1000D] Rosenbrock/1000D rep1 SMCO_R_EVO fopt=-22.9695 212s (160/225)
[1000D] Rosenbrock/1000D rep0 SMCO_R_EVO fopt=-22.127 398s (161/225)
[1000D] Rosenbrock/1000D rep0 SMCO_BR_EVO fopt=-26.2177 447s (162/225)
[1000D] Rosenbrock/1000D rep0 SMCO_EVO fopt=-258.616 436s (163/225)
[1000D] Ackley/1000D rep4 SMCO_R_EVO fopt=-0.0751254 1027s (164/225)
[1000D] Rosenbrock/1000D rep1 SMCO_EVO fopt=-271.305 338s (165/225)
[1000D] Rosenbrock/1000D rep1 SMCO_BR_EVO fopt=-26.5191 285s (166/225)
[1000D] Rosenbrock/1000D rep1 SMCO_EVO fopt=-251.895 428s (167/225)
[1000D] Rosenbrock/1000D rep1 SMCO_R_EVO fopt=-24.058 289s (168/225)
[1000D] Ackley/1000D rep4 SMCO_BR_EVO fopt=-0.0810675 1117s (169/225)
[1000D] Rosenbrock/1000D rep1 SMCO_BR_EVO fopt=-54.0261 416s (170/225)
[1000D] Rosenbrock/1000D rep1 SMCO_BR_EVO fopt=-26.2691 292s (171/225)
[1000D] Rosenbrock/1000D rep1 SMCO_EVO fopt=-254.183 305s (172/225)
[1000D] Rosenbrock/1000D rep1 SMCO_R_EVO fopt=-23.1201 328s (173/225)
[1000D] Rosenbrock/1000D rep1 SMCO_BR_EVO fopt=-25.3179 298s (174/225)
[1000D] Rosenbrock/1000D rep1 SMCO_EVO fopt=-270.981 422s (175/225)
[1000D] Ackley/1000D rep4 SMCO_BR_EVO fopt=-0.0813654 1177s (176/225)
[1000D] Rosenbrock/1000D rep1 SMCO_EVO fopt=-258.338 345s (177/225)
[1000D] Rosenbrock/1000D rep2 SMCO_R_EVO fopt=-22.6363 218s (178/225)
[1000D] Rosenbrock/1000D rep1 SMCO_R_EVO fopt=-22.1197 606s (179/225)
[1000D] Rosenbrock/1000D rep2 SMCO_BR_EVO fopt=-27.0469 208s (180/225)
[1000D] Rosenbrock/1000D rep2 SMCO_EVO fopt=-273.641 320s (181/225)
[1000D] Rosenbrock/1000D rep2 SMCO_BR_EVO fopt=-25.4688 287s (182/225)
[1000D] Rosenbrock/1000D rep2 SMCO_R_EVO fopt=-22.8794 300s (183/225)
[1000D] Rosenbrock/1000D rep1 SMCO_R_EVO fopt=-22.5502 469s (184/225)
[1000D] Rosenbrock/1000D rep1 SMCO_BR_EVO fopt=-25.7447 491s (185/225)
[1000D] Rosenbrock/1000D rep2 SMCO_EVO fopt=-255.66 357s (186/225)
[1000D] Rosenbrock/1000D rep2 SMCO_EVO fopt=-262.468 322s (187/225)
[1000D] Rosenbrock/1000D rep2 SMCO_R_EVO fopt=-22.4249 305s (188/225)
[1000D] Rosenbrock/1000D rep2 SMCO_BR_EVO fopt=-25.536 324s (189/225)
[1000D] Rosenbrock/1000D rep2 SMCO_EVO fopt=-246.816 608s (190/225)
[1000D] Rosenbrock/1000D rep2 SMCO_R_EVO fopt=-21.3167 604s (191/225)
[1000D] Rosenbrock/1000D rep3 SMCO_R_EVO fopt=-22.3657 216s (192/225)
[1000D] Rosenbrock/1000D rep3 SMCO_BR_EVO fopt=-26.0125 223s (193/225)
[1000D] Rosenbrock/1000D rep2 SMCO_BR_EVO fopt=-26.1436 620s (194/225)
[1000D] Rosenbrock/1000D rep2 SMCO_BR_EVO fopt=-26.3207 409s (195/225)
[1000D] Rosenbrock/1000D rep3 SMCO_EVO fopt=-276.577 304s (196/225)
[1000D] Rosenbrock/1000D rep2 SMCO_EVO fopt=-256.934 477s (197/225)
[1000D] Rosenbrock/1000D rep3 SMCO_EVO fopt=-238.159 428s (198/225)
[1000D] Rosenbrock/1000D rep3 SMCO_BR_EVO fopt=-31.4151 422s (199/225)
[1000D] Rosenbrock/1000D rep2 SMCO_R_EVO fopt=-22.5665 524s (200/225)
[1000D] Rosenbrock/1000D rep3 SMCO_EVO fopt=-259.028 315s (201/225)
[1000D] Rosenbrock/1000D rep3 SMCO_R_EVO fopt=-22.9622 310s (202/225)
[1000D] Rosenbrock/1000D rep3 SMCO_EVO fopt=-266.785 399s (203/225)
[1000D] Rosenbrock/1000D rep3 SMCO_BR_EVO fopt=-26.1186 376s (204/225)
[1000D] Rosenbrock/1000D rep3 SMCO_BR_EVO fopt=-25.7332 298s (205/225)
[1000D] Rosenbrock/1000D rep3 SMCO_R_EVO fopt=-22.3557 419s (206/225)
[1000D] Rosenbrock/1000D rep3 SMCO_R_EVO fopt=-22.229 590s (207/225)
[1000D] Rosenbrock/1000D rep4 SMCO_BR_EVO fopt=-25.6157 206s (208/225)
[1000D] Rosenbrock/1000D rep3 SMCO_BR_EVO fopt=-26.5286 317s (209/225)
[1000D] Rosenbrock/1000D rep4 SMCO_EVO fopt=-269.178 256s (210/225)
[1000D] Rosenbrock/1000D rep4 SMCO_R_EVO fopt=-22.9893 302s (211/225)
[1000D] Rosenbrock/1000D rep4 SMCO_EVO fopt=-265.34 329s (212/225)
[1000D] Rosenbrock/1000D rep4 SMCO_BR_EVO fopt=-26.1231 252s (213/225)
[1000D] Rosenbrock/1000D rep4 SMCO_EVO fopt=-249.088 397s (214/225)
[1000D] Rosenbrock/1000D rep3 SMCO_EVO fopt=-246.974 453s (215/225)
[1000D] Rosenbrock/1000D rep4 SMCO_EVO fopt=-265.691 282s (216/225)
[1000D] Rosenbrock/1000D rep3 SMCO_R_EVO fopt=-22.1872 479s (217/225)
[1000D] Rosenbrock/1000D rep4 SMCO_EVO fopt=-256.723 270s (218/225)
[1000D] Rosenbrock/1000D rep4 SMCO_R_EVO fopt=-23.2038 395s (219/225)
[1000D] Rosenbrock/1000D rep4 SMCO_BR_EVO fopt=-34.9412 515s (220/225)
[1000D] Rosenbrock/1000D rep4 SMCO_R_EVO fopt=-21.8896 545s (221/225)
[1000D] Rosenbrock/1000D rep4 SMCO_R_EVO fopt=-22.1758 397s (222/225)
[1000D] Rosenbrock/1000D rep4 SMCO_BR_EVO fopt=-26.5883 410s (223/225)
[1000D] Rosenbrock/1000D rep4 SMCO_BR_EVO fopt=-25.2283 357s (224/225)
[1000D] Rosenbrock/1000D rep4 SMCO_R_EVO fopt=-22.2573 395s (225/225)
[1000D] DONE 225 tasks in 8060s
[1000D] DONE (flushed per-task)
