Output: result/evo-dimsplit-2026-07-18/shard-213
Dims: [3000]
dim_groups: [1, 2, 4, 8]
Strategies: ['rand1bin', 'best1bin']
Variants: ['SMCO_EVO', 'SMCO_R_EVO', 'SMCO_BR_EVO']
Workers: 20, Seed: 21
[3000D] 144 tasks, 20 workers
[3000D] Rastrigin/3000D rep0 SMCO_EVO g1/best1bin fopt=-25286.4 9973s (1/144)
[3000D] Rastrigin/3000D rep0 SMCO_EVO g1/rand1bin fopt=-25283.3 9998s (2/144)
[3000D] Rastrigin/3000D rep0 SMCO_R_EVO g1/rand1bin fopt=-25218.4 10049s (3/144)
[3000D] Rastrigin/3000D rep0 SMCO_EVO g4/rand1bin fopt=-25284.1 10150s (4/144)
[3000D] Rastrigin/3000D rep0 SMCO_R_EVO g2/best1bin fopt=-25218.6 10208s (5/144)
[3000D] Rastrigin/3000D rep0 SMCO_R_EVO g4/rand1bin fopt=-25218.7 10258s (6/144)
[3000D] Rastrigin/3000D rep0 SMCO_EVO g4/best1bin fopt=-25285.6 10324s (7/144)
[3000D] Rastrigin/3000D rep0 SMCO_EVO g2/best1bin fopt=-25287.2 10621s (8/144)
[3000D] Rastrigin/3000D rep0 SMCO_R_EVO g8/rand1bin fopt=-25218.6 10646s (9/144)
[3000D] Rastrigin/3000D rep0 SMCO_EVO g2/rand1bin fopt=-25283.7 10663s (10/144)
[3000D] Rastrigin/3000D rep0 SMCO_R_EVO g2/rand1bin fopt=-25217.7 10680s (11/144)
[3000D] Rastrigin/3000D rep0 SMCO_EVO g8/rand1bin fopt=-25284.4 10693s (12/144)
[3000D] Rastrigin/3000D rep0 SMCO_R_EVO g1/best1bin fopt=-25218.2 10698s (13/144)
[3000D] Rastrigin/3000D rep0 SMCO_R_EVO g4/best1bin fopt=-25217.7 10720s (14/144)
[3000D] Rastrigin/3000D rep0 SMCO_BR_EVO g1/rand1bin fopt=-25316.4 10799s (15/144)
[3000D] Rastrigin/3000D rep0 SMCO_BR_EVO g8/rand1bin fopt=-25318.2 11133s (16/144)
[3000D] Rastrigin/3000D rep0 SMCO_BR_EVO g2/best1bin fopt=-25327.8 11427s (17/144)
[3000D] Rastrigin/3000D rep0 SMCO_BR_EVO g1/best1bin fopt=-25320.3 11503s (18/144)
[3000D] Rastrigin/3000D rep0 SMCO_BR_EVO g4/rand1bin fopt=-25317.5 11530s (19/144)
[3000D] Rastrigin/3000D rep0 SMCO_BR_EVO g2/rand1bin fopt=-25322.8 11562s (20/144)
[3000D] Rastrigin/3000D rep0 SMCO_R_EVO g8/best1bin fopt=-25218.3 10621s (21/144)
[3000D] Rastrigin/3000D rep0 SMCO_EVO g8/best1bin fopt=-25285.6 10723s (22/144)
[3000D] Rastrigin/3000D rep1 SMCO_R_EVO g1/rand1bin fopt=-25129.3 10598s (23/144)
[3000D] Rastrigin/3000D rep1 SMCO_EVO g1/rand1bin fopt=-25195.5 11027s (24/144)
[3000D] Rastrigin/3000D rep0 SMCO_BR_EVO g4/best1bin fopt=-25323.3 11285s (25/144)
[3000D] Rastrigin/3000D rep1 SMCO_R_EVO g2/rand1bin fopt=-25129.9 10635s (26/144)
[3000D] Rastrigin/3000D rep1 SMCO_R_EVO g8/rand1bin fopt=-25130 10661s (27/144)
[3000D] Rastrigin/3000D rep1 SMCO_EVO g4/rand1bin fopt=-25195.5 11162s (28/144)
[3000D] Rastrigin/3000D rep1 SMCO_EVO g8/rand1bin fopt=-25196.4 11235s (29/144)
[3000D] Rastrigin/3000D rep1 SMCO_BR_EVO g4/rand1bin fopt=-25226 11289s (30/144)
[3000D] Rastrigin/3000D rep1 SMCO_EVO g2/rand1bin fopt=-25196.6 11542s (31/144)
[3000D] Rastrigin/3000D rep0 SMCO_BR_EVO g8/best1bin fopt=-25316 12052s (32/144)
[3000D] Rastrigin/3000D rep1 SMCO_R_EVO g1/best1bin fopt=-25130.8 10766s (33/144)
[3000D] Rastrigin/3000D rep1 SMCO_BR_EVO g1/rand1bin fopt=-25229.2 12017s (34/144)
[3000D] Rastrigin/3000D rep1 SMCO_R_EVO g4/rand1bin fopt=-25129.7 11653s (35/144)
[3000D] Rastrigin/3000D rep1 SMCO_BR_EVO g8/rand1bin fopt=-25227.1 11380s (36/144)
[3000D] Rastrigin/3000D rep1 SMCO_BR_EVO g2/rand1bin fopt=-25223.2 11926s (37/144)
[3000D] Rastrigin/3000D rep1 SMCO_EVO g1/best1bin fopt=-25197.2 11560s (38/144)
[3000D] Rastrigin/3000D rep1 SMCO_EVO g2/best1bin fopt=-25197.3 11622s (39/144)
[3000D] Rastrigin/3000D rep1 SMCO_BR_EVO g1/best1bin fopt=-25224.6 12044s (40/144)
[3000D] Rastrigin/3000D rep1 SMCO_R_EVO g2/best1bin fopt=-25130.5 10454s (41/144)
[3000D] Rastrigin/3000D rep1 SMCO_EVO g8/best1bin fopt=-25196.9 10334s (42/144)
[3000D] Rastrigin/3000D rep1 SMCO_BR_EVO g2/best1bin fopt=-25226.9 10898s (43/144)
[3000D] Rastrigin/3000D rep1 SMCO_R_EVO g8/best1bin fopt=-25130.2 10187s (44/144)
[3000D] Rastrigin/3000D rep1 SMCO_EVO g4/best1bin fopt=-25197.2 10833s (45/144)
[3000D] Rastrigin/3000D rep1 SMCO_R_EVO g4/best1bin fopt=-25131.2 10710s (46/144)
[3000D] Rastrigin/3000D rep1 SMCO_BR_EVO g4/best1bin fopt=-25235 10744s (47/144)
[3000D] Rastrigin/3000D rep1 SMCO_BR_EVO g8/best1bin fopt=-25225.8 10990s (48/144)
[3000D] Ackley/3000D rep0 SMCO_R_EVO g1/rand1bin fopt=-0.0739723 10957s (49/144)
[3000D] Ackley/3000D rep0 SMCO_R_EVO g2/rand1bin fopt=-0.0736781 10819s (50/144)
[3000D] Ackley/3000D rep0 SMCO_EVO g4/rand1bin fopt=-0.348884 10831s (51/144)
[3000D] Ackley/3000D rep0 SMCO_R_EVO g4/rand1bin fopt=-0.0738015 10753s (52/144)
[3000D] Ackley/3000D rep0 SMCO_EVO g1/rand1bin fopt=-0.346107 11502s (53/144)
[3000D] Ackley/3000D rep0 SMCO_EVO g2/rand1bin fopt=-0.347584 11388s (54/144)
[3000D] Ackley/3000D rep0 SMCO_EVO g8/rand1bin fopt=-0.347793 11045s (55/144)
[3000D] Ackley/3000D rep0 SMCO_R_EVO g8/rand1bin fopt=-0.0732448 10971s (56/144)
[3000D] Ackley/3000D rep0 SMCO_BR_EVO g1/rand1bin fopt=-0.0796036 12041s (57/144)
[3000D] Ackley/3000D rep0 SMCO_BR_EVO g2/rand1bin fopt=-0.0797079 12413s (58/144)
[3000D] Ackley/3000D rep0 SMCO_BR_EVO g4/rand1bin fopt=-0.0797788 12321s (59/144)
[3000D] Ackley/3000D rep0 SMCO_BR_EVO g8/rand1bin fopt=-0.0799852 11805s (60/144)
[3000D] Ackley/3000D rep0 SMCO_EVO g1/best1bin fopt=-0.348559 7461s (61/144)
[3000D] Ackley/3000D rep0 SMCO_R_EVO g1/best1bin fopt=-0.0738546 7449s (62/144)
[3000D] Ackley/3000D rep0 SMCO_EVO g2/best1bin fopt=-0.347494 7454s (63/144)
[3000D] Ackley/3000D rep0 SMCO_R_EVO g2/best1bin fopt=-0.0735385 7459s (64/144)
[3000D] Ackley/3000D rep0 SMCO_EVO g4/best1bin fopt=-0.346849 7410s (65/144)
[3000D] Ackley/3000D rep0 SMCO_BR_EVO g1/best1bin fopt=-0.0800092 8602s (66/144)
[3000D] Ackley/3000D rep0 SMCO_R_EVO g4/best1bin fopt=-0.0736984 7445s (67/144)
[3000D] Ackley/3000D rep0 SMCO_BR_EVO g2/best1bin fopt=-0.0796657 8555s (68/144)
[3000D] Ackley/3000D rep0 SMCO_EVO g8/best1bin fopt=-0.347274 7460s (69/144)
[3000D] Ackley/3000D rep0 SMCO_R_EVO g8/best1bin fopt=-0.0728734 7495s (70/144)
[3000D] Ackley/3000D rep1 SMCO_EVO g1/rand1bin fopt=-0.346625 7325s (71/144)
[3000D] Ackley/3000D rep1 SMCO_R_EVO g1/rand1bin fopt=-0.0735325 7431s (72/144)
[3000D] Ackley/3000D rep0 SMCO_BR_EVO g4/best1bin fopt=-0.0801443 8419s (73/144)
[3000D] Ackley/3000D rep1 SMCO_EVO g2/rand1bin fopt=-0.346378 7316s (74/144)
[3000D] Ackley/3000D rep0 SMCO_BR_EVO g8/best1bin fopt=-0.0798384 8351s (75/144)
[3000D] Ackley/3000D rep1 SMCO_R_EVO g2/rand1bin fopt=-0.0731918 7555s (76/144)
[3000D] Ackley/3000D rep1 SMCO_EVO g4/rand1bin fopt=-0.349168 7324s (77/144)
[3000D] Ackley/3000D rep1 SMCO_BR_EVO g1/rand1bin fopt=-0.0801552 8423s (78/144)
[3000D] Ackley/3000D rep1 SMCO_R_EVO g4/rand1bin fopt=-0.0725346 7462s (79/144)
[3000D] Ackley/3000D rep1 SMCO_BR_EVO g2/rand1bin fopt=-0.0791051 8513s (80/144)
[3000D] Rosenbrock/3000D rep0 SMCO_EVO g1/rand1bin fopt=-677.332 2200s (81/144)
[3000D] Rosenbrock/3000D rep0 SMCO_R_EVO g1/rand1bin fopt=-79.5215 2209s (82/144)
[3000D] Rosenbrock/3000D rep0 SMCO_BR_EVO g1/rand1bin fopt=-6891.79 2243s (83/144)
[3000D] Rosenbrock/3000D rep0 SMCO_EVO g2/rand1bin fopt=-678.902 2191s (84/144)
[3000D] Ackley/3000D rep1 SMCO_EVO g8/rand1bin fopt=-0.350282 7337s (85/144)
[3000D] Ackley/3000D rep1 SMCO_R_EVO g8/rand1bin fopt=-0.0731378 7442s (86/144)
[3000D] Rosenbrock/3000D rep0 SMCO_R_EVO g2/rand1bin fopt=-125.066 2218s (87/144)
[3000D] Rosenbrock/3000D rep0 SMCO_BR_EVO g2/rand1bin fopt=-6970.77 2244s (88/144)
[3000D] Ackley/3000D rep1 SMCO_EVO g1/best1bin fopt=-0.34579 7547s (89/144)
[3000D] Ackley/3000D rep1 SMCO_BR_EVO g4/rand1bin fopt=-0.0791777 8438s (90/144)
[3000D] Rosenbrock/3000D rep0 SMCO_EVO g4/rand1bin fopt=-684.522 2177s (91/144)
[3000D] Rosenbrock/3000D rep0 SMCO_R_EVO g4/rand1bin fopt=-177.847 2196s (92/144)
[3000D] Ackley/3000D rep1 SMCO_R_EVO g1/best1bin fopt=-0.0737126 7479s (93/144)
[3000D] Ackley/3000D rep1 SMCO_BR_EVO g8/rand1bin fopt=-0.0795897 8626s (94/144)
[3000D] Ackley/3000D rep1 SMCO_EVO g2/best1bin fopt=-0.347688 7446s (95/144)
[3000D] Ackley/3000D rep1 SMCO_R_EVO g2/best1bin fopt=-0.0734937 7533s (96/144)
[3000D] Ackley/3000D rep1 SMCO_EVO g4/best1bin fopt=-0.348418 7315s (97/144)
[3000D] Ackley/3000D rep1 SMCO_R_EVO g4/best1bin fopt=-0.0731343 7474s (98/144)
[3000D] Rosenbrock/3000D rep0 SMCO_BR_EVO g4/rand1bin fopt=-6999.69 2250s (99/144)
[3000D] Ackley/3000D rep1 SMCO_BR_EVO g1/best1bin fopt=-0.0800709 8383s (100/144)
[3000D] Rosenbrock/3000D rep0 SMCO_EVO g8/rand1bin fopt=-679.961 2156s (101/144)
[3000D] Ackley/3000D rep1 SMCO_EVO g8/best1bin fopt=-0.348464 7291s (102/144)
[3000D] Rosenbrock/3000D rep0 SMCO_R_EVO g8/rand1bin fopt=-202.718 2202s (103/144)
[3000D] Ackley/3000D rep1 SMCO_R_EVO g8/best1bin fopt=-0.0737591 7472s (104/144)
[3000D] Ackley/3000D rep1 SMCO_BR_EVO g2/best1bin fopt=-0.080166 8418s (105/144)
[3000D] Rosenbrock/3000D rep0 SMCO_BR_EVO g8/rand1bin fopt=-6750.81 2220s (106/144)
[3000D] Rosenbrock/3000D rep0 SMCO_EVO g1/best1bin fopt=-678.332 2229s (107/144)
[3000D] Rosenbrock/3000D rep0 SMCO_R_EVO g1/best1bin fopt=-125.937 2265s (108/144)
[3000D] Rosenbrock/3000D rep0 SMCO_BR_EVO g1/best1bin fopt=-6683.48 2209s (109/144)
[3000D] Rosenbrock/3000D rep0 SMCO_EVO g2/best1bin fopt=-675.212 2167s (110/144)
[3000D] Rosenbrock/3000D rep0 SMCO_R_EVO g2/best1bin fopt=-71.9698 2196s (111/144)
[3000D] Ackley/3000D rep1 SMCO_BR_EVO g4/best1bin fopt=-0.0799875 8558s (112/144)
[3000D] Rosenbrock/3000D rep0 SMCO_BR_EVO g2/best1bin fopt=-6786.91 2260s (113/144)
[3000D] Rosenbrock/3000D rep0 SMCO_EVO g4/best1bin fopt=-668.298 2206s (114/144)
[3000D] Rosenbrock/3000D rep0 SMCO_R_EVO g4/best1bin fopt=-68.7815 2210s (115/144)
[3000D] Rosenbrock/3000D rep0 SMCO_BR_EVO g4/best1bin fopt=-6763.24 2214s (116/144)
[3000D] Ackley/3000D rep1 SMCO_BR_EVO g8/best1bin fopt=-0.0792896 8649s (117/144)
[3000D] Rosenbrock/3000D rep0 SMCO_EVO g8/best1bin fopt=-675.477 2204s (118/144)
[3000D] Rosenbrock/3000D rep0 SMCO_R_EVO g8/best1bin fopt=-134.81 2224s (119/144)
[3000D] Rosenbrock/3000D rep1 SMCO_EVO g1/rand1bin fopt=-686.444 2180s (120/144)
[3000D] Rosenbrock/3000D rep0 SMCO_BR_EVO g8/best1bin fopt=-6862.48 2227s (121/144)
[3000D] Rosenbrock/3000D rep1 SMCO_R_EVO g1/rand1bin fopt=-72.9165 2183s (122/144)
[3000D] Rosenbrock/3000D rep1 SMCO_BR_EVO g1/rand1bin fopt=-6828.1 2231s (123/144)
[3000D] Rosenbrock/3000D rep1 SMCO_R_EVO g2/rand1bin fopt=-65.9225 2197s (124/144)
[3000D] Rosenbrock/3000D rep1 SMCO_EVO g2/rand1bin fopt=-680.228 2201s (125/144)
[3000D] Rosenbrock/3000D rep1 SMCO_BR_EVO g2/rand1bin fopt=-6878.6 2229s (126/144)
[3000D] Rosenbrock/3000D rep1 SMCO_EVO g4/rand1bin fopt=-681.3 2219s (127/144)
[3000D] Rosenbrock/3000D rep1 SMCO_R_EVO g4/rand1bin fopt=-181.297 2243s (128/144)
[3000D] Rosenbrock/3000D rep1 SMCO_BR_EVO g4/rand1bin fopt=-6899.23 2209s (129/144)
[3000D] Rosenbrock/3000D rep1 SMCO_EVO g8/rand1bin fopt=-670.607 2147s (130/144)
[3000D] Rosenbrock/3000D rep1 SMCO_R_EVO g8/rand1bin fopt=-90.7002 2194s (131/144)
[3000D] Rosenbrock/3000D rep1 SMCO_BR_EVO g8/rand1bin fopt=-6812.57 2255s (132/144)
[3000D] Rosenbrock/3000D rep1 SMCO_EVO g1/best1bin fopt=-675.197 2198s (133/144)
[3000D] Rosenbrock/3000D rep1 SMCO_R_EVO g1/best1bin fopt=-65.6343 2195s (134/144)
[3000D] Rosenbrock/3000D rep1 SMCO_EVO g2/best1bin fopt=-670.021 2153s (135/144)
[3000D] Rosenbrock/3000D rep1 SMCO_BR_EVO g1/best1bin fopt=-6971.36 2245s (136/144)
[3000D] Rosenbrock/3000D rep1 SMCO_R_EVO g2/best1bin fopt=-67.1786 2216s (137/144)
[3000D] Rosenbrock/3000D rep1 SMCO_BR_EVO g2/best1bin fopt=-6869.64 2238s (138/144)
[3000D] Rosenbrock/3000D rep1 SMCO_R_EVO g4/best1bin fopt=-67.4823 2171s (139/144)
[3000D] Rosenbrock/3000D rep1 SMCO_EVO g4/best1bin fopt=-666.453 2180s (140/144)
[3000D] Rosenbrock/3000D rep1 SMCO_BR_EVO g4/best1bin fopt=-6774.45 2193s (141/144)
[3000D] Rosenbrock/3000D rep1 SMCO_EVO g8/best1bin fopt=-683.492 2158s (142/144)
[3000D] Rosenbrock/3000D rep1 SMCO_R_EVO g8/best1bin fopt=-65.08 2170s (143/144)
[3000D] Rosenbrock/3000D rep1 SMCO_BR_EVO g8/best1bin fopt=-7021.52 2197s (144/144)
[3000D] DONE 144 tasks in 53484s
[3000D] DONE (flushed per-task)
