Output: result/evo-dimsplit-2026-07-18/shard-251
Dims: [5000]
dim_groups: [1, 2, 4, 8]
Strategies: ['rand1bin', 'best1bin']
Variants: ['SMCO_EVO', 'SMCO_R_EVO', 'SMCO_BR_EVO']
Workers: 22, Seed: 21
[5000D] 48 tasks, 22 workers
[5000D] Rastrigin/5000D rep0 SMCO_EVO g1/best1bin fopt=-42667.9 30794s (1/48)
[5000D] Rastrigin/5000D rep0 SMCO_EVO g8/best1bin fopt=-42667.1 31429s (2/48)
[5000D] Rastrigin/5000D rep0 SMCO_R_EVO g1/rand1bin fopt=-42568.8 32179s (3/48)
[5000D] Rastrigin/5000D rep0 SMCO_EVO g4/best1bin fopt=-42671 32205s (4/48)
[5000D] Rastrigin/5000D rep0 SMCO_EVO g2/best1bin fopt=-42668 32320s (5/48)
[5000D] Rastrigin/5000D rep0 SMCO_BR_EVO g4/best1bin fopt=-42881.2 32364s (6/48)
[5000D] Rastrigin/5000D rep0 SMCO_R_EVO g8/rand1bin fopt=-42567.9 32699s (7/48)
[5000D] Rastrigin/5000D rep0 SMCO_EVO g1/rand1bin fopt=-42670.3 32720s (8/48)
[5000D] Rastrigin/5000D rep0 SMCO_EVO g4/rand1bin fopt=-42670.5 32856s (9/48)
[5000D] Rastrigin/5000D rep0 SMCO_R_EVO g4/rand1bin fopt=-42569.6 32906s (10/48)
[5000D] Rastrigin/5000D rep0 SMCO_R_EVO g1/best1bin fopt=-42569.7 33020s (11/48)
[5000D] Rastrigin/5000D rep0 SMCO_R_EVO g2/best1bin fopt=-42568.3 33172s (12/48)
[5000D] Rastrigin/5000D rep0 SMCO_BR_EVO g8/rand1bin fopt=-42874.4 33295s (13/48)
[5000D] Rastrigin/5000D rep0 SMCO_R_EVO g2/rand1bin fopt=-42568.6 33477s (14/48)
[5000D] Rastrigin/5000D rep0 SMCO_R_EVO g4/best1bin fopt=-42569 33709s (15/48)
[5000D] Rastrigin/5000D rep0 SMCO_BR_EVO g1/best1bin fopt=-42875.8 33932s (16/48)
[5000D] Rastrigin/5000D rep0 SMCO_BR_EVO g2/best1bin fopt=-42872.6 33991s (17/48)
[5000D] Rastrigin/5000D rep0 SMCO_EVO g8/rand1bin fopt=-42668.2 34133s (18/48)
[5000D] Rastrigin/5000D rep0 SMCO_BR_EVO g4/rand1bin fopt=-42865.6 34219s (19/48)
[5000D] Rastrigin/5000D rep0 SMCO_EVO g2/rand1bin fopt=-42669.3 34306s (20/48)
[5000D] Rastrigin/5000D rep0 SMCO_BR_EVO g2/rand1bin fopt=-42878 36161s (21/48)
[5000D] Rastrigin/5000D rep0 SMCO_BR_EVO g1/rand1bin fopt=-42864.5 36300s (22/48)
[5000D] Rastrigin/5000D rep1 SMCO_EVO g1/rand1bin fopt=-42657.7 19754s (23/48)
[5000D] Rastrigin/5000D rep1 SMCO_EVO g2/rand1bin fopt=-42655.8 20856s (24/48)
[5000D] Rastrigin/5000D rep0 SMCO_R_EVO g8/best1bin fopt=-42569.3 22785s (25/48)
[5000D] Rastrigin/5000D rep1 SMCO_EVO g8/rand1bin fopt=-42657.9 20652s (26/48)
[5000D] Rastrigin/5000D rep1 SMCO_R_EVO g4/rand1bin fopt=-42554.7 20926s (27/48)
[5000D] Rastrigin/5000D rep1 SMCO_EVO g4/rand1bin fopt=-42658.8 21137s (28/48)
[5000D] Rastrigin/5000D rep1 SMCO_R_EVO g8/rand1bin fopt=-42557.2 20866s (29/48)
[5000D] Rastrigin/5000D rep1 SMCO_EVO g1/best1bin fopt=-42657.7 20698s (30/48)
[5000D] Rastrigin/5000D rep1 SMCO_R_EVO g2/best1bin fopt=-42557.9 20197s (31/48)
[5000D] Rastrigin/5000D rep1 SMCO_R_EVO g1/best1bin fopt=-42555.5 20832s (32/48)
[5000D] Rastrigin/5000D rep1 SMCO_EVO g2/best1bin fopt=-42660.2 20727s (33/48)
[5000D] Rastrigin/5000D rep1 SMCO_R_EVO g2/rand1bin fopt=-42557.1 22302s (34/48)
[5000D] Rastrigin/5000D rep1 SMCO_BR_EVO g2/rand1bin fopt=-42839 22338s (35/48)
[5000D] Rastrigin/5000D rep0 SMCO_BR_EVO g8/best1bin fopt=-42865.4 23675s (36/48)
[5000D] Rastrigin/5000D rep1 SMCO_BR_EVO g4/rand1bin fopt=-42834.6 22846s (37/48)
[5000D] Rastrigin/5000D rep1 SMCO_EVO g4/best1bin fopt=-42659.2 19854s (38/48)
[5000D] Rastrigin/5000D rep1 SMCO_R_EVO g1/rand1bin fopt=-42556.5 23866s (39/48)
[5000D] Rastrigin/5000D rep1 SMCO_R_EVO g4/best1bin fopt=-42557.6 19846s (40/48)
[5000D] Rastrigin/5000D rep1 SMCO_BR_EVO g8/rand1bin fopt=-42826.6 22911s (41/48)
[5000D] Rastrigin/5000D rep1 SMCO_BR_EVO g1/rand1bin fopt=-42832.8 24571s (42/48)
[5000D] Rastrigin/5000D rep1 SMCO_BR_EVO g1/best1bin fopt=-42840.5 23058s (43/48)
[5000D] Rastrigin/5000D rep1 SMCO_BR_EVO g2/best1bin fopt=-42827.5 22919s (44/48)
[5000D] Rastrigin/5000D rep1 SMCO_EVO g8/best1bin fopt=-42657.7 19710s (45/48)
[5000D] Rastrigin/5000D rep1 SMCO_R_EVO g8/best1bin fopt=-42555.5 19878s (46/48)
[5000D] Rastrigin/5000D rep1 SMCO_BR_EVO g4/best1bin fopt=-42828.8 22277s (47/48)
[5000D] Rastrigin/5000D rep1 SMCO_BR_EVO g8/best1bin fopt=-42825.3 22264s (48/48)
[5000D] DONE 48 tasks in 76088s
[5000D] DONE (flushed per-task)
