Output: result/evo-startsweep-2026-07-18/shard-213
Dims: [3000]
Fractions: [0.5, 0.6666666666666666, 0.75, 0.8]
Variants: ['SMCO_EVO', 'SMCO_R_EVO', 'SMCO_BR_EVO'] | strategy: rand1bin
Workers: 20, Seed: 21
Baseline (reused, not re-run): result/highdim-full-comparison-2026-06-04/all_results.csv
[3000D] 72 tasks, 20 workers
Output: result/evo-startsweep-2026-07-18/shard-213
Dims: [3000]
Fractions: [1.0, 0.5, 0.6666666666666666, 0.75, 0.8]
Variants: ['SMCO_EVO', 'SMCO_R_EVO', 'SMCO_BR_EVO'] | strategy: rand1bin
Workers: 20, Seed: 21
[3000D] 90 tasks, 20 workers
[3000D] Rastrigin/3000D rep0 SMCO_EVO fopt=-25204.3 4941s (1/90)
[3000D] Rastrigin/3000D rep1 SMCO_EVO fopt=-24837.8 4953s (2/90)
[3000D] Rastrigin/3000D rep1 SMCO_R_EVO fopt=-24764.7 4966s (3/90)
[3000D] Rastrigin/3000D rep0 SMCO_R_EVO fopt=-25128.2 5256s (4/90)
[3000D] Rastrigin/3000D rep0 SMCO_BR_EVO fopt=-25247.3 5640s (5/90)
[3000D] Rastrigin/3000D rep0 SMCO_EVO fopt=-25195.6 6524s (6/90)
[3000D] Rastrigin/3000D rep0 SMCO_R_EVO fopt=-25122.9 6549s (7/90)
[3000D] Rastrigin/3000D rep0 SMCO_BR_EVO fopt=-25215.5 7523s (8/90)
[3000D] Rastrigin/3000D rep0 SMCO_EVO fopt=-25223.8 7929s (9/90)
[3000D] Rastrigin/3000D rep0 SMCO_R_EVO fopt=-25155.6 7937s (10/90)
[3000D] Rastrigin/3000D rep0 SMCO_EVO fopt=-25271.7 7991s (11/90)
[3000D] Rastrigin/3000D rep0 SMCO_R_EVO fopt=-25199 8095s (12/90)
[3000D] Rastrigin/3000D rep0 SMCO_BR_EVO fopt=-25249.2 8578s (13/90)
[3000D] Rastrigin/3000D rep0 SMCO_BR_EVO fopt=-25289.8 9200s (14/90)
[3000D] Rastrigin/3000D rep0 SMCO_EVO fopt=-25283.3 9987s (15/90)
[3000D] Rastrigin/3000D rep1 SMCO_EVO fopt=-25195.5 9997s (16/90)
[3000D] Rastrigin/3000D rep0 SMCO_R_EVO fopt=-25218.4 10256s (17/90)
[3000D] Rastrigin/3000D rep1 SMCO_BR_EVO fopt=-24891.4 5319s (18/90)
[3000D] Rastrigin/3000D rep1 SMCO_R_EVO fopt=-25129.3 10625s (19/90)
[3000D] Rastrigin/3000D rep1 SMCO_BR_EVO fopt=-25229.2 11266s (20/90)
[3000D] Rastrigin/3000D rep0 SMCO_BR_EVO fopt=-25316.4 11518s (21/90)
[3000D] Rastrigin/3000D rep1 SMCO_EVO fopt=-25076.3 6628s (22/90)
[3000D] Rastrigin/3000D rep1 SMCO_R_EVO fopt=-25006 6670s (23/90)
[3000D] Rastrigin/3000D rep1 SMCO_BR_EVO fopt=-25108.4 7580s (24/90)
[3000D] Rastrigin/3000D rep1 SMCO_EVO fopt=-25130.2 8042s (25/90)
[3000D] Rastrigin/3000D rep1 SMCO_R_EVO fopt=-25059.1 7734s (26/90)
[3000D] Rastrigin/3000D rep1 SMCO_BR_EVO fopt=-25145 8432s (27/90)
[3000D] Ackley/3000D rep0 SMCO_EVO fopt=-0.392793 6306s (28/90)
[3000D] Ackley/3000D rep0 SMCO_R_EVO fopt=-0.0755592 6255s (29/90)
[3000D] Rastrigin/3000D rep1 SMCO_EVO fopt=-25133 8790s (30/90)
[3000D] Ackley/3000D rep0 SMCO_BR_EVO fopt=-0.0827136 6764s (31/90)
[3000D] Rastrigin/3000D rep1 SMCO_R_EVO fopt=-25064.4 8843s (32/90)
[3000D] Rastrigin/3000D rep1 SMCO_BR_EVO fopt=-25150.8 9388s (33/90)
[3000D] Ackley/3000D rep0 SMCO_R_EVO fopt=-0.0736169 8132s (34/90)
[3000D] Ackley/3000D rep0 SMCO_EVO fopt=-0.378524 8169s (35/90)
[3000D] Ackley/3000D rep0 SMCO_BR_EVO fopt=-0.0818408 9353s (36/90)
[3000D] Ackley/3000D rep0 SMCO_R_EVO fopt=-0.0739723 12457s (37/90)
[3000D] Ackley/3000D rep0 SMCO_EVO fopt=-0.346107 12892s (38/90)
[3000D] Ackley/3000D rep0 SMCO_EVO fopt=-0.370209 9835s (39/90)
[3000D] Ackley/3000D rep0 SMCO_R_EVO fopt=-0.0731095 9738s (40/90)
[3000D] Ackley/3000D rep0 SMCO_EVO fopt=-0.363684 10041s (41/90)
[3000D] Ackley/3000D rep0 SMCO_BR_EVO fopt=-0.0805982 10704s (42/90)
[3000D] Ackley/3000D rep1 SMCO_EVO fopt=-0.389803 6399s (43/90)
[3000D] Ackley/3000D rep1 SMCO_R_EVO fopt=-0.0740491 6546s (44/90)
[3000D] Ackley/3000D rep0 SMCO_BR_EVO fopt=-0.0796036 14514s (45/90)
[3000D] Ackley/3000D rep0 SMCO_R_EVO fopt=-0.0737406 10664s (46/90)
[3000D] Ackley/3000D rep1 SMCO_BR_EVO fopt=-0.0823283 6758s (47/90)
[3000D] Rosenbrock/3000D rep0 SMCO_EVO fopt=-779.857 1888s (48/90)
[3000D] Rosenbrock/3000D rep0 SMCO_R_EVO fopt=-68.1834 1953s (49/90)
[3000D] Ackley/3000D rep0 SMCO_BR_EVO fopt=-0.0806009 11692s (50/90)
[3000D] Rosenbrock/3000D rep0 SMCO_EVO fopt=-677.332 3707s (51/90)
[3000D] Ackley/3000D rep1 SMCO_EVO fopt=-0.376422 8700s (52/90)
[3000D] Rosenbrock/3000D rep0 SMCO_BR_EVO fopt=-78.64 2019s (53/90)
[3000D] Rosenbrock/3000D rep0 SMCO_EVO fopt=-750.37 2336s (54/90)
[3000D] Ackley/3000D rep1 SMCO_R_EVO fopt=-0.0740614 8771s (55/90)
[3000D] Rosenbrock/3000D rep0 SMCO_R_EVO fopt=-79.5215 3941s (56/90)
[3000D] Rosenbrock/3000D rep0 SMCO_BR_EVO fopt=-6891.79 3729s (57/90)
[3000D] Ackley/3000D rep1 SMCO_EVO fopt=-0.346625 12628s (58/90)
[3000D] Rosenbrock/3000D rep0 SMCO_R_EVO fopt=-66.799 2609s (59/90)
[3000D] Ackley/3000D rep1 SMCO_BR_EVO fopt=-0.0816264 9196s (60/90)
[3000D] Rosenbrock/3000D rep0 SMCO_BR_EVO fopt=-701.065 2589s (61/90)
[3000D] Ackley/3000D rep1 SMCO_EVO fopt=-0.371546 9254s (62/90)
[3000D] Rosenbrock/3000D rep0 SMCO_EVO fopt=-727.829 2949s (63/90)
[3000D] Rosenbrock/3000D rep0 SMCO_R_EVO fopt=-67.9272 2941s (64/90)
[3000D] Rosenbrock/3000D rep0 SMCO_BR_EVO fopt=-1586.66 3022s (65/90)
[3000D] Ackley/3000D rep1 SMCO_R_EVO fopt=-0.0735325 13620s (66/90)
[3000D] Rosenbrock/3000D rep0 SMCO_EVO fopt=-710.331 3163s (67/90)
[3000D] Rosenbrock/3000D rep0 SMCO_R_EVO fopt=-69.5712 2897s (68/90)
[3000D] Rosenbrock/3000D rep1 SMCO_EVO fopt=-781.32 1925s (69/90)
[3000D] Rosenbrock/3000D rep0 SMCO_BR_EVO fopt=-1955.6 3243s (70/90)
[3000D] Rosenbrock/3000D rep1 SMCO_R_EVO fopt=-67.7146 1793s (71/90)
[3000D] Rosenbrock/3000D rep1 SMCO_BR_EVO fopt=-81.9704 2014s (72/90)
[3000D] Rosenbrock/3000D rep1 SMCO_EVO fopt=-741.911 2313s (73/90)
[3000D] Rosenbrock/3000D rep1 SMCO_R_EVO fopt=-72.9165 3641s (74/90)
[3000D] Ackley/3000D rep1 SMCO_R_EVO fopt=-0.0728893 10098s (75/90)
[3000D] Rosenbrock/3000D rep1 SMCO_EVO fopt=-686.444 3971s (76/90)
[3000D] Ackley/3000D rep1 SMCO_BR_EVO fopt=-0.0801552 14840s (77/90)
[3000D] Rosenbrock/3000D rep1 SMCO_BR_EVO fopt=-6828.1 3633s (78/90)
[3000D] Rosenbrock/3000D rep1 SMCO_BR_EVO fopt=-639.905 2323s (79/90)
[3000D] Ackley/3000D rep1 SMCO_BR_EVO fopt=-0.0813209 10129s (80/90)
[3000D] Rosenbrock/3000D rep1 SMCO_R_EVO fopt=-67.2803 2487s (81/90)
[3000D] Ackley/3000D rep1 SMCO_EVO fopt=-0.362225 10018s (82/90)
[3000D] Rosenbrock/3000D rep1 SMCO_EVO fopt=-720.821 2713s (83/90)
[3000D] Rosenbrock/3000D rep1 SMCO_R_EVO fopt=-67.2799 2640s (84/90)
[3000D] Rosenbrock/3000D rep1 SMCO_EVO fopt=-723.677 2530s (85/90)
[3000D] Rosenbrock/3000D rep1 SMCO_BR_EVO fopt=-1227.04 2690s (86/90)
[3000D] Ackley/3000D rep1 SMCO_R_EVO fopt=-0.072714 10432s (87/90)
[3000D] Rosenbrock/3000D rep1 SMCO_R_EVO fopt=-70.2209 2561s (88/90)
[3000D] Rosenbrock/3000D rep1 SMCO_BR_EVO fopt=-2183.17 2595s (89/90)
[3000D] Ackley/3000D rep1 SMCO_BR_EVO fopt=-0.0798356 11171s (90/90)
[3000D] DONE 90 tasks in 32428s
[3000D] DONE (flushed per-task)
